<?xml version="1.0" encoding="UTF-8"?>
<coverage generated="1694370353579" clover="3.2.0">
  <project timestamp="1694370353580" name="All files">
    <metrics statements="386" coveredstatements="357" conditionals="84" coveredconditionals="73" methods="89" coveredmethods="81" elements="559" coveredelements="511" complexity="0" loc="386" ncloc="386" packages="3" files="10" classes="10"/>
    <package name="twenty_fortyeight">
      <metrics statements="20" coveredstatements="16" conditionals="0" coveredconditionals="0" methods="3" coveredmethods="0"/>
      <file name="App.tsx" path="D:\Scripts\React\twenty_fortyeight\App.tsx">
        <metrics statements="13" coveredstatements="9" conditionals="0" coveredconditionals="0" methods="3" coveredmethods="0"/>
        <line num="1" count="1" type="stmt"/>
        <line num="3" count="1" type="stmt"/>
        <line num="4" count="1" type="stmt"/>
        <line num="5" count="1" type="stmt"/>
        <line num="6" count="1" type="stmt"/>
        <line num="7" count="1" type="stmt"/>
        <line num="8" count="1" type="stmt"/>
        <line num="10" count="1" type="stmt"/>
        <line num="16" count="1" type="stmt"/>
        <line num="19" count="0" type="stmt"/>
        <line num="20" count="0" type="stmt"/>
        <line num="29" count="0" type="stmt"/>
        <line num="32" count="0" type="stmt"/>
      </file>
      <file name="AppStyles.tsx" path="D:\Scripts\React\twenty_fortyeight\AppStyles.tsx">
        <metrics statements="7" coveredstatements="7" conditionals="0" coveredconditionals="0" methods="0" coveredmethods="0"/>
        <line num="1" count="5" type="stmt"/>
        <line num="4" count="5" type="stmt"/>
        <line num="9" count="5" type="stmt"/>
        <line num="10" count="5" type="stmt"/>
        <line num="40" count="5" type="stmt"/>
        <line num="57" count="5" type="stmt"/>
        <line num="99" count="5" type="stmt"/>
      </file>
    </package>
    <package name="twenty_fortyeight.__tests__.helpers">
      <metrics statements="25" coveredstatements="19" conditionals="3" coveredconditionals="2" methods="6" coveredmethods="4"/>
      <file name="gridMocks.ts" path="D:\Scripts\React\twenty_fortyeight\__tests__\helpers\gridMocks.ts">
        <metrics statements="18" coveredstatements="12" conditionals="3" coveredconditionals="2" methods="5" coveredmethods="3"/>
        <line num="1" count="1" type="stmt"/>
        <line num="6" count="1" type="stmt"/>
        <line num="14" count="1" type="stmt"/>
        <line num="15" count="9" type="stmt"/>
        <line num="16" count="9" type="stmt"/>
        <line num="17" count="22" type="cond" truecount="1" falsecount="0"/>
        <line num="18" count="9" type="stmt"/>
        <line num="20" count="22" type="cond" truecount="1" falsecount="0"/>
        <line num="21" count="9" type="stmt"/>
        <line num="23" count="22" type="stmt"/>
        <line num="30" count="1" type="stmt"/>
        <line num="32" count="0" type="stmt"/>
        <line num="39" count="1" type="stmt"/>
        <line num="41" count="0" type="stmt"/>
        <line num="42" count="0" type="stmt"/>
        <line num="43" count="0" type="cond" truecount="0" falsecount="1"/>
        <line num="44" count="0" type="stmt"/>
        <line num="45" count="0" type="stmt"/>
      </file>
      <file name="helperValuesAndFunctions.ts" path="D:\Scripts\React\twenty_fortyeight\__tests__\helpers\helperValuesAndFunctions.ts">
        <metrics statements="6" coveredstatements="6" conditionals="0" coveredconditionals="0" methods="1" coveredmethods="1"/>
        <line num="1" count="4" type="stmt"/>
        <line num="2" count="4" type="stmt"/>
        <line num="4" count="4" type="stmt"/>
        <line num="5" count="4" type="stmt"/>
        <line num="12" count="4" type="stmt"/>
        <line num="13" count="8" type="stmt"/>
      </file>
      <file name="testGrids.js" path="D:\Scripts\React\twenty_fortyeight\__tests__\helpers\testGrids.js">
        <metrics statements="1" coveredstatements="1" conditionals="0" coveredconditionals="0" methods="0" coveredmethods="0"/>
        <line num="1" count="6" type="stmt"/>
      </file>
    </package>
    <package name="twenty_fortyeight.src">
      <metrics statements="341" coveredstatements="322" conditionals="81" coveredconditionals="71" methods="80" coveredmethods="77"/>
      <file name="GameBoard.tsx" path="D:\Scripts\React\twenty_fortyeight\src\GameBoard.tsx">
        <metrics statements="88" coveredstatements="73" conditionals="37" coveredconditionals="31" methods="24" coveredmethods="21"/>
        <line num="1" count="5" type="stmt"/>
        <line num="2" count="5" type="stmt"/>
        <line num="3" count="5" type="stmt"/>
        <line num="4" count="5" type="stmt"/>
        <line num="5" count="5" type="stmt"/>
        <line num="6" count="5" type="stmt"/>
        <line num="7" count="5" type="stmt"/>
        <line num="8" count="5" type="stmt"/>
        <line num="9" count="5" type="stmt"/>
        <line num="14" count="3008" type="cond" truecount="2" falsecount="0"/>
        <line num="16" count="3008" type="cond" truecount="2" falsecount="0"/>
        <line num="18" count="3008" type="cond" truecount="2" falsecount="0"/>
        <line num="19" count="3008" type="stmt"/>
        <line num="20" count="3008" type="stmt"/>
        <line num="36" count="5" type="stmt"/>
        <line num="60" count="27" type="stmt"/>
        <line num="72" count="5" type="cond" truecount="2" falsecount="0"/>
        <line num="73" count="5" type="stmt"/>
        <line num="74" count="5" type="stmt"/>
        <line num="83" count="51" type="cond" truecount="2" falsecount="0"/>
        <line num="84" count="12" type="stmt"/>
        <line num="85" count="4" type="stmt"/>
        <line num="91" count="39" type="stmt"/>
        <line num="100" count="51" type="stmt"/>
        <line num="101" count="51" type="stmt"/>
        <line num="103" count="51" type="stmt"/>
        <line num="104" count="51" type="stmt"/>
        <line num="105" count="51" type="cond" truecount="4" falsecount="0"/>
        <line num="106" count="24" type="stmt"/>
        <line num="107" count="24" type="stmt"/>
        <line num="109" count="27" type="stmt"/>
        <line num="111" count="51" type="stmt"/>
        <line num="112" count="51" type="stmt"/>
        <line num="113" count="51" type="stmt"/>
        <line num="114" count="51" type="stmt"/>
        <line num="118" count="51" type="stmt"/>
        <line num="119" count="3" type="stmt"/>
        <line num="120" count="2" type="stmt"/>
        <line num="122" count="51" type="cond" truecount="2" falsecount="0"/>
        <line num="123" count="51" type="stmt"/>
        <line num="125" count="51" type="cond" truecount="2" falsecount="0"/>
        <line num="126" count="51" type="stmt"/>
        <line num="127" count="51" type="cond" truecount="2" falsecount="0"/>
        <line num="129" count="51" type="stmt"/>
        <line num="138" count="5" type="stmt"/>
        <line num="139" count="4011" type="stmt"/>
        <line num="140" count="4011" type="stmt"/>
        <line num="141" count="4011" type="cond" truecount="1" falsecount="1"/>
        <line num="148" count="5" type="stmt"/>
        <line num="149" count="188" type="stmt"/>
        <line num="150" count="188" type="stmt"/>
        <line num="151" count="75" type="stmt"/>
        <line num="152" count="75" type="cond" truecount="3" falsecount="0"/>
        <line num="153" count="12" type="stmt"/>
        <line num="154" count="12" type="stmt"/>
        <line num="155" count="12" type="stmt"/>
        <line num="158" count="188" type="stmt"/>
        <line num="159" count="84" type="stmt"/>
        <line num="160" count="84" type="cond" truecount="1" falsecount="0"/>
        <line num="161" count="18" type="stmt"/>
        <line num="162" count="18" type="stmt"/>
        <line num="166" count="188" type="stmt"/>
        <line num="171" count="752" type="stmt"/>
        <line num="174" count="752" type="stmt"/>
        <line num="177" count="752" type="stmt"/>
        <line num="180" count="752" type="stmt"/>
        <line num="187" count="5" type="stmt"/>
        <line num="190" count="0" type="cond" truecount="0" falsecount="2"/>
        <line num="191" count="0" type="cond" truecount="0" falsecount="1"/>
        <line num="192" count="0" type="stmt"/>
        <line num="194" count="0" type="stmt"/>
        <line num="197" count="0" type="cond" truecount="0" falsecount="1"/>
        <line num="198" count="0" type="stmt"/>
        <line num="200" count="0" type="stmt"/>
        <line num="204" count="5" type="stmt"/>
        <line num="205" count="46" type="stmt"/>
        <line num="207" count="46" type="stmt"/>
        <line num="214" count="0" type="stmt"/>
        <line num="215" count="0" type="stmt"/>
        <line num="219" count="0" type="stmt"/>
        <line num="223" count="0" type="stmt"/>
        <line num="224" count="0" type="stmt"/>
        <line num="225" count="0" type="cond" truecount="0" falsecount="1"/>
        <line num="226" count="0" type="stmt"/>
        <line num="227" count="0" type="stmt"/>
        <line num="230" count="46" type="stmt"/>
        <line num="231" count="46" type="stmt"/>
        <line num="241" count="5" type="stmt"/>
      </file>
      <file name="GameInfoBar.tsx" path="D:\Scripts\React\twenty_fortyeight\src\GameInfoBar.tsx">
        <metrics statements="22" coveredstatements="22" conditionals="6" coveredconditionals="6" methods="3" coveredmethods="3"/>
        <line num="1" count="5" type="stmt"/>
        <line num="3" count="5" type="stmt"/>
        <line num="5" count="5" type="stmt"/>
        <line num="6" count="5" type="stmt"/>
        <line num="7" count="5" type="stmt"/>
        <line num="8" count="5" type="stmt"/>
        <line num="10" count="5" type="stmt"/>
        <line num="11" count="100" type="stmt"/>
        <line num="12" count="10" type="stmt"/>
        <line num="13" count="10" type="cond" truecount="1" falsecount="0"/>
        <line num="14" count="1" type="stmt"/>
        <line num="18" count="100" type="stmt"/>
        <line num="19" count="25" type="cond" truecount="4" falsecount="0"/>
        <line num="20" count="7" type="stmt"/>
        <line num="22" count="18" type="cond" truecount="1" falsecount="0"/>
        <line num="23" count="11" type="stmt"/>
        <line num="24" count="11" type="stmt"/>
        <line num="28" count="100" type="stmt"/>
        <line num="29" count="100" type="stmt"/>
        <line num="31" count="100" type="stmt"/>
        <line num="55" count="5" type="stmt"/>
        <line num="57" count="5" type="stmt"/>
      </file>
      <file name="globalValues.ts" path="D:\Scripts\React\twenty_fortyeight\src\globalValues.ts">
        <metrics statements="2" coveredstatements="2" conditionals="0" coveredconditionals="0" methods="0" coveredmethods="0"/>
        <line num="2" count="5" type="stmt"/>
        <line num="7" count="5" type="stmt"/>
      </file>
      <file name="grid.ts" path="D:\Scripts\React\twenty_fortyeight\src\grid.ts">
        <metrics statements="201" coveredstatements="197" conditionals="31" coveredconditionals="27" methods="43" coveredmethods="43"/>
        <line num="1" count="7" type="stmt"/>
        <line num="3" count="3323" type="stmt"/>
        <line num="10" count="7" type="stmt"/>
        <line num="11" count="13" type="stmt"/>
        <line num="12" count="13" type="stmt"/>
        <line num="13" count="13" type="stmt"/>
        <line num="14" count="52" type="stmt"/>
        <line num="15" count="208" type="stmt"/>
        <line num="16" count="208" type="stmt"/>
        <line num="19" count="13" type="stmt"/>
        <line num="20" count="13" type="stmt"/>
        <line num="23" count="7" type="stmt"/>
        <line num="29" count="7" type="stmt"/>
        <line num="31" count="2244" type="stmt"/>
        <line num="33" count="3622" type="stmt"/>
        <line num="34" count="9700" type="cond" truecount="1" falsecount="0"/>
        <line num="35" count="1910" type="stmt"/>
        <line num="39" count="334" type="stmt"/>
        <line num="46" count="7" type="stmt"/>
        <line num="47" count="100288" type="stmt"/>
        <line num="50" count="7" type="cond" truecount="2" falsecount="0"/>
        <line num="51" count="7" type="stmt"/>
        <line num="52" count="7" type="stmt"/>
        <line num="53" count="7" type="stmt"/>
        <line num="54" count="7" type="stmt"/>
        <line num="88" count="7" type="stmt"/>
        <line num="95" count="244" type="stmt"/>
        <line num="101" count="2248" type="stmt"/>
        <line num="110" count="120" type="stmt"/>
        <line num="122" count="244" type="stmt"/>
        <line num="128" count="2248" type="stmt"/>
        <line num="137" count="76" type="stmt"/>
        <line num="149" count="244" type="stmt"/>
        <line num="155" count="2240" type="stmt"/>
        <line num="164" count="74" type="stmt"/>
        <line num="176" count="244" type="stmt"/>
        <line num="182" count="2240" type="stmt"/>
        <line num="191" count="80" type="stmt"/>
        <line num="210" count="7" type="stmt"/>
        <line num="211" count="976" type="stmt"/>
        <line num="212" count="976" type="stmt"/>
        <line num="215" count="976" type="stmt"/>
        <line num="218" count="976" type="stmt"/>
        <line num="227" count="976" type="stmt"/>
        <line num="234" count="976" type="stmt"/>
        <line num="235" count="976" type="stmt"/>
        <line num="236" count="976" type="stmt"/>
        <line num="237" count="976" type="stmt"/>
        <line num="238" count="976" type="stmt"/>
        <line num="239" count="976" type="stmt"/>
        <line num="240" count="976" type="stmt"/>
        <line num="243" count="976" type="stmt"/>
        <line num="246" count="976" type="stmt"/>
        <line num="248" count="976" type="stmt"/>
        <line num="251" count="976" type="stmt"/>
        <line num="252" count="2244" type="stmt"/>
        <line num="253" count="2244" type="stmt"/>
        <line num="254" count="2244" type="stmt"/>
        <line num="255" count="2244" type="stmt"/>
        <line num="256" count="2244" type="stmt"/>
        <line num="257" count="2244" type="stmt"/>
        <line num="264" count="883" type="stmt"/>
        <line num="271" count="2626" type="stmt"/>
        <line num="278" count="270" type="stmt"/>
        <line num="288" count="2244" type="stmt"/>
        <line num="289" count="2244" type="cond" truecount="4" falsecount="1"/>
        <line num="291" count="562" type="stmt"/>
        <line num="292" count="2248" type="stmt"/>
        <line num="293" count="8992" type="stmt"/>
        <line num="295" count="2248" type="stmt"/>
        <line num="297" count="562" type="stmt"/>
        <line num="299" count="562" type="stmt"/>
        <line num="300" count="2248" type="stmt"/>
        <line num="301" count="2248" type="stmt"/>
        <line num="302" count="8992" type="stmt"/>
        <line num="304" count="2248" type="stmt"/>
        <line num="306" count="562" type="stmt"/>
        <line num="308" count="560" type="stmt"/>
        <line num="309" count="2240" type="stmt"/>
        <line num="310" count="8960" type="stmt"/>
        <line num="312" count="2240" type="stmt"/>
        <line num="314" count="560" type="stmt"/>
        <line num="316" count="560" type="stmt"/>
        <line num="317" count="2240" type="stmt"/>
        <line num="318" count="2240" type="stmt"/>
        <line num="319" count="8960" type="stmt"/>
        <line num="321" count="2240" type="stmt"/>
        <line num="323" count="560" type="stmt"/>
        <line num="325" count="0" type="stmt"/>
        <line num="327" count="2244" type="stmt"/>
        <line num="328" count="2244" type="stmt"/>
        <line num="331" count="976" type="stmt"/>
        <line num="332" count="35904" type="cond" truecount="1" falsecount="0"/>
        <line num="333" count="12054" type="stmt"/>
        <line num="335" count="23850" type="cond" truecount="2" falsecount="0"/>
        <line num="336" count="19850" type="stmt"/>
        <line num="337" count="19850" type="stmt"/>
        <line num="338" count="19850" type="stmt"/>
        <line num="339" count="19850" type="stmt"/>
        <line num="342" count="4000" type="stmt"/>
        <line num="343" count="4000" type="stmt"/>
        <line num="344" count="4000" type="stmt"/>
        <line num="348" count="976" type="stmt"/>
        <line num="349" count="8976" type="stmt"/>
        <line num="350" count="8976" type="stmt"/>
        <line num="351" count="8976" type="stmt"/>
        <line num="352" count="8976" type="stmt"/>
        <line num="353" count="8976" type="stmt"/>
        <line num="356" count="976" type="stmt"/>
        <line num="357" count="350" type="stmt"/>
        <line num="358" count="350" type="stmt"/>
        <line num="360" count="350" type="stmt"/>
        <line num="361" count="350" type="stmt"/>
        <line num="362" count="414" type="stmt"/>
        <line num="363" count="414" type="stmt"/>
        <line num="366" count="350" type="stmt"/>
        <line num="371" count="226" type="stmt"/>
        <line num="372" count="226" type="stmt"/>
        <line num="373" count="226" type="stmt"/>
        <line num="379" count="226" type="stmt"/>
        <line num="382" count="226" type="stmt"/>
        <line num="391" count="226" type="cond" truecount="2" falsecount="0"/>
        <line num="392" count="3" type="stmt"/>
        <line num="393" count="3" type="stmt"/>
        <line num="394" count="3" type="stmt"/>
        <line num="395" count="3" type="stmt"/>
        <line num="396" count="3" type="stmt"/>
        <line num="398" count="223" type="cond" truecount="1" falsecount="1"/>
        <line num="399" count="0" type="cond" truecount="0" falsecount="2"/>
        <line num="400" count="0" type="stmt"/>
        <line num="401" count="0" type="stmt"/>
        <line num="404" count="223" type="stmt"/>
        <line num="405" count="223" type="stmt"/>
        <line num="407" count="226" type="cond" truecount="2" falsecount="0"/>
        <line num="408" count="226" type="stmt"/>
        <line num="410" count="226" type="cond" truecount="2" falsecount="0"/>
        <line num="412" count="226" type="stmt"/>
        <line num="418" count="226" type="stmt"/>
        <line num="420" count="226" type="stmt"/>
        <line num="422" count="226" type="stmt"/>
        <line num="439" count="161" type="stmt"/>
        <line num="441" count="226" type="stmt"/>
        <line num="442" count="46" type="cond" truecount="1" falsecount="0"/>
        <line num="443" count="27" type="stmt"/>
        <line num="444" count="27" type="stmt"/>
        <line num="445" count="27" type="stmt"/>
        <line num="446" count="27" type="stmt"/>
        <line num="447" count="27" type="stmt"/>
        <line num="448" count="27" type="stmt"/>
        <line num="449" count="27" type="stmt"/>
        <line num="453" count="226" type="stmt"/>
        <line num="454" count="14" type="stmt"/>
        <line num="455" count="14" type="stmt"/>
        <line num="456" count="14" type="stmt"/>
        <line num="457" count="14" type="stmt"/>
        <line num="458" count="14" type="stmt"/>
        <line num="459" count="14" type="stmt"/>
        <line num="460" count="14" type="stmt"/>
        <line num="461" count="14" type="stmt"/>
        <line num="462" count="14" type="stmt"/>
        <line num="465" count="226" type="stmt"/>
        <line num="466" count="17" type="stmt"/>
        <line num="467" count="17" type="stmt"/>
        <line num="468" count="17" type="stmt"/>
        <line num="470" count="17" type="cond" truecount="1" falsecount="0"/>
        <line num="472" count="10" type="stmt"/>
        <line num="475" count="17" type="stmt"/>
        <line num="480" count="17" type="stmt"/>
        <line num="485" count="17" type="stmt"/>
        <line num="486" count="17" type="stmt"/>
        <line num="490" count="308" type="stmt"/>
        <line num="494" count="191" type="stmt"/>
        <line num="498" count="1" type="stmt"/>
        <line num="503" count="1096" type="stmt"/>
        <line num="510" count="6263" type="stmt"/>
        <line num="518" count="226" type="stmt"/>
        <line num="519" count="238" type="stmt"/>
        <line num="520" count="238" type="stmt"/>
        <line num="527" count="226" type="stmt"/>
        <line num="530" count="279" type="stmt"/>
        <line num="531" count="1116" type="stmt"/>
        <line num="533" count="279" type="stmt"/>
        <line num="536" count="226" type="stmt"/>
        <line num="537" count="505" type="stmt"/>
        <line num="538" count="505" type="stmt"/>
        <line num="539" count="2020" type="cond" truecount="2" falsecount="0"/>
        <line num="541" count="505" type="stmt"/>
        <line num="546" count="48" type="stmt"/>
        <line num="555" count="226" type="stmt"/>
        <line num="556" count="250" type="stmt"/>
        <line num="557" count="250" type="stmt"/>
        <line num="558" count="250" type="cond" truecount="2" falsecount="0"/>
        <line num="559" count="238" type="stmt"/>
        <line num="560" count="238" type="stmt"/>
        <line num="561" count="238" type="stmt"/>
        <line num="562" count="238" type="stmt"/>
        <line num="563" count="238" type="stmt"/>
        <line num="564" count="238" type="stmt"/>
        <line num="567" count="12" type="stmt"/>
        <line num="575" count="106" type="cond" truecount="2" falsecount="0"/>
        <line num="579" count="7" type="stmt"/>
      </file>
      <file name="overlayState.ts" path="D:\Scripts\React\twenty_fortyeight\src\overlayState.ts">
        <metrics statements="28" coveredstatements="28" conditionals="7" coveredconditionals="7" methods="10" coveredmethods="10"/>
        <line num="22" count="5" type="stmt"/>
        <line num="24" count="5" type="cond" truecount="2" falsecount="0"/>
        <line num="25" count="5" type="stmt"/>
        <line num="26" count="5" type="stmt"/>
        <line num="27" count="5" type="stmt"/>
        <line num="28" count="5" type="stmt"/>
        <line num="29" count="5" type="stmt"/>
        <line num="36" count="5" type="stmt"/>
        <line num="40" count="5" type="stmt"/>
        <line num="41" count="5" type="stmt"/>
        <line num="45" count="97" type="stmt"/>
        <line num="56" count="12" type="stmt"/>
        <line num="63" count="18" type="stmt"/>
        <line num="67" count="10" type="cond" truecount="2" falsecount="0"/>
        <line num="68" count="9" type="stmt"/>
        <line num="71" count="1" type="stmt"/>
        <line num="76" count="14" type="stmt"/>
        <line num="77" count="14" type="stmt"/>
        <line num="86" count="51" type="stmt"/>
        <line num="87" count="51" type="stmt"/>
        <line num="88" count="51" type="cond" truecount="3" falsecount="0"/>
        <line num="89" count="38" type="stmt"/>
        <line num="90" count="38" type="stmt"/>
        <line num="99" count="115" type="stmt"/>
        <line num="100" count="115" type="stmt"/>
        <line num="104" count="139" type="stmt"/>
        <line num="148" count="5" type="stmt"/>
        <line num="149" count="5" type="stmt"/>
      </file>
    </package>
  </project>
</coverage>
