{"D:\\Scripts\\React\\twenty_fortyeight\\AppStyles.tsx": {"path":"D:\\Scripts\\React\\twenty_fortyeight\\AppStyles.tsx","statementMap":{"0":{"start":{"line":1,"column":0},"end":{"line":1,"column":42}},"1":{"start":{"line":4,"column":13},"end":{"line":7,"column":null}},"2":{"start":{"line":9,"column":13},"end":{"line":9,"column":null}},"3":{"start":{"line":10,"column":13},"end":{"line":38,"column":3}},"4":{"start":{"line":40,"column":13},"end":{"line":55,"column":null}},"5":{"start":{"line":57,"column":13},"end":{"line":97,"column":null}},"6":{"start":{"line":99,"column":13},"end":{"line":139,"column":null}}},"fnMap":{},"branchMap":{},"s":{"0":1,"1":1,"2":1,"3":1,"4":1,"5":1,"6":1},"f":{},"b":{}}
,"D:\\Scripts\\React\\twenty_fortyeight\\GameBoard.tsx": {"path":"D:\\Scripts\\React\\twenty_fortyeight\\GameBoard.tsx","statementMap":{"0":{"start":{"line":1,"column":0},"end":{"line":1,"column":39}},"1":{"start":{"line":2,"column":0},"end":{"line":2,"column":62}},"2":{"start":{"line":3,"column":0},"end":{"line":3,"column":94}},"3":{"start":{"line":4,"column":0},"end":{"line":4,"column":39}},"4":{"start":{"line":5,"column":0},"end":{"line":5,"column":40}},"5":{"start":{"line":6,"column":0},"end":{"line":6,"column":42}},"6":{"start":{"line":7,"column":0},"end":{"line":7,"column":95}},"7":{"start":{"line":12,"column":35},"end":{"line":12,"column":133}},"8":{"start":{"line":14,"column":22},"end":{"line":14,"column":48}},"9":{"start":{"line":16,"column":25},"end":{"line":16,"column":58}},"10":{"start":{"line":17,"column":19},"end":{"line":17,"column":51}},"11":{"start":{"line":18,"column":2},"end":{"line":24,"column":null}},"12":{"start":{"line":28,"column":19},"end":{"line":28,"column":39}},"13":{"start":{"line":29,"column":2},"end":{"line":33,"column":null}},"14":{"start":{"line":41,"column":13},"end":{"line":69,"column":null}},"15":{"start":{"line":43,"column":17},"end":{"line":43,"column":51}},"16":{"start":{"line":44,"column":17},"end":{"line":44,"column":51}},"17":{"start":{"line":45,"column":21},"end":{"line":45,"column":54}},"18":{"start":{"line":46,"column":2},"end":{"line":46,"column":null}},"19":{"start":{"line":47,"column":2},"end":{"line":47,"column":null}},"20":{"start":{"line":48,"column":2},"end":{"line":48,"column":null}},"21":{"start":{"line":50,"column":2},"end":{"line":68,"column":null}},"22":{"start":{"line":55,"column":52},"end":{"line":55,"column":114}},"23":{"start":{"line":58,"column":52},"end":{"line":58,"column":114}},"24":{"start":{"line":61,"column":52},"end":{"line":61,"column":114}},"25":{"start":{"line":64,"column":52},"end":{"line":64,"column":114}},"26":{"start":{"line":71,"column":13},"end":{"line":71,"column":null}},"27":{"start":{"line":74,"column":2},"end":{"line":85,"column":null}},"28":{"start":{"line":75,"column":4},"end":{"line":77,"column":null}},"29":{"start":{"line":76,"column":6},"end":{"line":76,"column":null}},"30":{"start":{"line":78,"column":4},"end":{"line":78,"column":null}},"31":{"start":{"line":81,"column":4},"end":{"line":83,"column":null}},"32":{"start":{"line":82,"column":6},"end":{"line":82,"column":null}},"33":{"start":{"line":84,"column":4},"end":{"line":84,"column":null}},"34":{"start":{"line":89,"column":42},"end":{"line":89,"column":62}},"35":{"start":{"line":91,"column":25},"end":{"line":110,"column":6}},"36":{"start":{"line":96,"column":6},"end":{"line":96,"column":null}},"37":{"start":{"line":97,"column":6},"end":{"line":97,"column":null}},"38":{"start":{"line":101,"column":24},"end":{"line":104,"column":8}},"39":{"start":{"line":105,"column":18},"end":{"line":105,"column":28}},"40":{"start":{"line":106,"column":6},"end":{"line":106,"column":null}},"41":{"start":{"line":107,"column":6},"end":{"line":107,"column":28}},"42":{"start":{"line":108,"column":6},"end":{"line":108,"column":null}},"43":{"start":{"line":109,"column":6},"end":{"line":109,"column":null}},"44":{"start":{"line":112,"column":2},"end":{"line":112,"column":null}},"45":{"start":{"line":113,"column":2},"end":{"line":120,"column":null}},"46":{"start":{"line":88,"column":0},"end":{"line":88,"column":24}}},"fnMap":{"0":{"name":"Tile","decl":{"start":{"line":11,"column":9},"end":{"line":11,"column":13}},"loc":{"start":{"line":11,"column":67},"end":{"line":25,"column":1}}},"1":{"name":"EndGameOverlay","decl":{"start":{"line":27,"column":9},"end":{"line":27,"column":23}},"loc":{"start":{"line":27,"column":56},"end":{"line":34,"column":1}}},"2":{"name":"(anonymous_3)","decl":{"start":{"line":41,"column":34},"end":{"line":41,"column":35}},"loc":{"start":{"line":41,"column":59},"end":{"line":69,"column":1}}},"3":{"name":"(anonymous_4)","decl":{"start":{"line":55,"column":34},"end":{"line":55,"column":35}},"loc":{"start":{"line":55,"column":52},"end":{"line":55,"column":114}}},"4":{"name":"(anonymous_5)","decl":{"start":{"line":58,"column":34},"end":{"line":58,"column":35}},"loc":{"start":{"line":58,"column":52},"end":{"line":58,"column":114}}},"5":{"name":"(anonymous_6)","decl":{"start":{"line":61,"column":34},"end":{"line":61,"column":35}},"loc":{"start":{"line":61,"column":52},"end":{"line":61,"column":114}}},"6":{"name":"(anonymous_7)","decl":{"start":{"line":64,"column":34},"end":{"line":64,"column":35}},"loc":{"start":{"line":64,"column":52},"end":{"line":64,"column":114}}},"7":{"name":"findSwipeDirection","decl":{"start":{"line":73,"column":9},"end":{"line":73,"column":27}},"loc":{"start":{"line":73,"column":60},"end":{"line":86,"column":1}}},"8":{"name":"GameBoard","decl":{"start":{"line":88,"column":24},"end":{"line":88,"column":33}},"loc":{"start":{"line":88,"column":54},"end":{"line":121,"column":1}}},"9":{"name":"(anonymous_10)","decl":{"start":{"line":94,"column":13},"end":{"line":94,"column":14}},"loc":{"start":{"line":94,"column":19},"end":{"line":98,"column":5}}},"10":{"name":"(anonymous_11)","decl":{"start":{"line":99,"column":13},"end":{"line":99,"column":14}},"loc":{"start":{"line":99,"column":19},"end":{"line":110,"column":5}}}},"branchMap":{"0":{"loc":{"start":{"line":12,"column":35},"end":{"line":12,"column":133}},"type":"cond-expr","locations":[{"start":{"line":12,"column":95},"end":{"line":12,"column":124}},{"start":{"line":12,"column":127},"end":{"line":12,"column":133}}]},"1":{"loc":{"start":{"line":14,"column":22},"end":{"line":14,"column":48}},"type":"cond-expr","locations":[{"start":{"line":14,"column":30},"end":{"line":14,"column":43}},{"start":{"line":14,"column":46},"end":{"line":14,"column":48}}]},"2":{"loc":{"start":{"line":16,"column":25},"end":{"line":16,"column":58}},"type":"cond-expr","locations":[{"start":{"line":16,"column":51},"end":{"line":16,"column":53}},{"start":{"line":16,"column":56},"end":{"line":16,"column":58}}]},"3":{"loc":{"start":{"line":45,"column":21},"end":{"line":45,"column":54}},"type":"cond-expr","locations":[{"start":{"line":45,"column":39},"end":{"line":45,"column":45}},{"start":{"line":45,"column":48},"end":{"line":45,"column":54}}]},"4":{"loc":{"start":{"line":52,"column":7},"end":{"line":52,"column":66}},"type":"binary-expr","locations":[{"start":{"line":52,"column":7},"end":{"line":52,"column":22}},{"start":{"line":52,"column":26},"end":{"line":52,"column":66}}]},"5":{"loc":{"start":{"line":74,"column":2},"end":{"line":85,"column":null}},"type":"if","locations":[{"start":{"line":74,"column":2},"end":{"line":85,"column":null}},{"start":{"line":80,"column":6},"end":{"line":85,"column":null}}]},"6":{"loc":{"start":{"line":75,"column":4},"end":{"line":77,"column":null}},"type":"if","locations":[{"start":{"line":75,"column":4},"end":{"line":77,"column":null}}]},"7":{"loc":{"start":{"line":81,"column":4},"end":{"line":83,"column":null}},"type":"if","locations":[{"start":{"line":81,"column":4},"end":{"line":83,"column":null}}]}},"s":{"0":1,"1":1,"2":1,"3":1,"4":1,"5":1,"6":1,"7":160,"8":160,"9":160,"10":160,"11":160,"12":5,"13":5,"14":1,"15":10,"16":10,"17":10,"18":10,"19":10,"20":10,"21":10,"22":40,"23":40,"24":40,"25":40,"26":1,"27":0,"28":0,"29":0,"30":0,"31":0,"32":0,"33":0,"34":0,"35":0,"36":0,"37":0,"38":0,"39":0,"40":0,"41":0,"42":0,"43":0,"44":0,"45":0,"46":1},"f":{"0":160,"1":5,"2":10,"3":40,"4":40,"5":40,"6":40,"7":0,"8":0,"9":0,"10":0},"b":{"0":[157,3],"1":[155,5],"2":[158,2],"3":[10,0],"4":[10,5],"5":[0,0],"6":[0],"7":[0]}}
,"D:\\Scripts\\React\\twenty_fortyeight\\GameInfoBar.tsx": {"path":"D:\\Scripts\\React\\twenty_fortyeight\\GameInfoBar.tsx","statementMap":{"0":{"start":{"line":1,"column":0},"end":{"line":1,"column":61}},"1":{"start":{"line":3,"column":0},"end":{"line":3,"column":81}},"2":{"start":{"line":4,"column":0},"end":{"line":4,"column":53}},"3":{"start":{"line":5,"column":0},"end":{"line":5,"column":40}},"4":{"start":{"line":6,"column":0},"end":{"line":6,"column":40}},"5":{"start":{"line":8,"column":24},"end":{"line":22,"column":1}},"6":{"start":{"line":9,"column":2},"end":{"line":21,"column":null}},"7":{"start":{"line":24,"column":31},"end":{"line":24,"column":69}},"8":{"start":{"line":27,"column":2},"end":{"line":34,"column":null}},"9":{"start":{"line":29,"column":83},"end":{"line":29,"column":95}},"10":{"start":{"line":38,"column":56},"end":{"line":38,"column":71}},"11":{"start":{"line":39,"column":29},"end":{"line":39,"column":63}},"12":{"start":{"line":39,"column":35},"end":{"line":39,"column":63}},"13":{"start":{"line":41,"column":23},"end":{"line":41,"column":93}},"14":{"start":{"line":41,"column":30},"end":{"line":41,"column":61}},"15":{"start":{"line":41,"column":62},"end":{"line":41,"column":92}},"16":{"start":{"line":42,"column":24},"end":{"line":42,"column":108}},"17":{"start":{"line":42,"column":30},"end":{"line":42,"column":62}},"18":{"start":{"line":42,"column":63},"end":{"line":42,"column":76}},"19":{"start":{"line":42,"column":77},"end":{"line":42,"column":107}},"20":{"start":{"line":43,"column":2},"end":{"line":65,"column":null}},"21":{"start":{"line":49,"column":30},"end":{"line":49,"column":59}},"22":{"start":{"line":37,"column":0},"end":{"line":37,"column":24}},"23":{"start":{"line":68,"column":15},"end":{"line":90,"column":2}}},"fnMap":{"0":{"name":"(anonymous_1)","decl":{"start":{"line":8,"column":24},"end":{"line":8,"column":25}},"loc":{"start":{"line":8,"column":81},"end":{"line":22,"column":1}}},"1":{"name":"UndoButton","decl":{"start":{"line":26,"column":9},"end":{"line":26,"column":19}},"loc":{"start":{"line":26,"column":40},"end":{"line":35,"column":1}}},"2":{"name":"(anonymous_3)","decl":{"start":{"line":29,"column":78},"end":{"line":29,"column":80}},"loc":{"start":{"line":29,"column":82},"end":{"line":29,"column":95}}},"3":{"name":"GameInfoBar","decl":{"start":{"line":37,"column":24},"end":{"line":37,"column":35}},"loc":{"start":{"line":37,"column":56},"end":{"line":66,"column":1}}},"4":{"name":"(anonymous_5)","decl":{"start":{"line":39,"column":29},"end":{"line":39,"column":32}},"loc":{"start":{"line":39,"column":35},"end":{"line":39,"column":63}}},"5":{"name":"(anonymous_6)","decl":{"start":{"line":41,"column":23},"end":{"line":41,"column":26}},"loc":{"start":{"line":41,"column":28},"end":{"line":41,"column":93}}},"6":{"name":"(anonymous_7)","decl":{"start":{"line":42,"column":24},"end":{"line":42,"column":26}},"loc":{"start":{"line":42,"column":28},"end":{"line":42,"column":108}}},"7":{"name":"(anonymous_8)","decl":{"start":{"line":49,"column":24},"end":{"line":49,"column":27}},"loc":{"start":{"line":49,"column":30},"end":{"line":49,"column":59}}}},"branchMap":{},"s":{"0":2,"1":2,"2":2,"3":2,"4":2,"5":2,"6":0,"7":2,"8":3,"9":0,"10":3,"11":3,"12":0,"13":3,"14":0,"15":0,"16":3,"17":0,"18":0,"19":0,"20":3,"21":0,"22":2,"23":2},"f":{"0":0,"1":3,"2":0,"3":3,"4":0,"5":0,"6":0,"7":0},"b":{}}
,"D:\\Scripts\\React\\twenty_fortyeight\\grid.ts": {"path":"D:\\Scripts\\React\\twenty_fortyeight\\grid.ts","statementMap":{"0":{"start":{"line":1,"column":0},"end":{"line":1,"column":55}},"1":{"start":{"line":3,"column":25},"end":{"line":8,"column":null}},"2":{"start":{"line":3,"column":31},"end":{"line":8,"column":null}},"3":{"start":{"line":3,"column":13},"end":{"line":3,"column":25}},"4":{"start":{"line":10,"column":28},"end":{"line":21,"column":1}},"5":{"start":{"line":11,"column":13},"end":{"line":11,"column":24}},"6":{"start":{"line":12,"column":15},"end":{"line":12,"column":16}},"7":{"start":{"line":13,"column":2},"end":{"line":18,"column":null}},"8":{"start":{"line":13,"column":14},"end":{"line":13,"column":15}},"9":{"start":{"line":14,"column":4},"end":{"line":17,"column":null}},"10":{"start":{"line":14,"column":16},"end":{"line":14,"column":17}},"11":{"start":{"line":15,"column":6},"end":{"line":15,"column":29}},"12":{"start":{"line":16,"column":6},"end":{"line":16,"column":15}},"13":{"start":{"line":19,"column":2},"end":{"line":19,"column":null}},"14":{"start":{"line":20,"column":2},"end":{"line":20,"column":null}},"15":{"start":{"line":10,"column":13},"end":{"line":10,"column":28}},"16":{"start":{"line":23,"column":17},"end":{"line":23,"column":18}},"17":{"start":{"line":29,"column":26},"end":{"line":40,"column":1}},"18":{"start":{"line":31,"column":2},"end":{"line":38,"column":null}},"19":{"start":{"line":31,"column":14},"end":{"line":31,"column":15}},"20":{"start":{"line":33,"column":4},"end":{"line":37,"column":null}},"21":{"start":{"line":33,"column":16},"end":{"line":33,"column":17}},"22":{"start":{"line":34,"column":6},"end":{"line":36,"column":null}},"23":{"start":{"line":35,"column":8},"end":{"line":35,"column":null}},"24":{"start":{"line":39,"column":2},"end":{"line":39,"column":null}},"25":{"start":{"line":46,"column":24},"end":{"line":48,"column":1}},"26":{"start":{"line":47,"column":2},"end":{"line":47,"column":null}},"27":{"start":{"line":46,"column":13},"end":{"line":46,"column":24}},"28":{"start":{"line":50,"column":0},"end":{"line":50,"column":null}},"29":{"start":{"line":51,"column":2},"end":{"line":51,"column":null}},"30":{"start":{"line":52,"column":2},"end":{"line":52,"column":null}},"31":{"start":{"line":53,"column":2},"end":{"line":53,"column":null}},"32":{"start":{"line":54,"column":2},"end":{"line":54,"column":null}},"33":{"start":{"line":89,"column":63},"end":{"line":198,"column":null}},"34":{"start":{"line":96,"column":6},"end":{"line":99,"column":null}},"35":{"start":{"line":102,"column":6},"end":{"line":108,"column":null}},"36":{"start":{"line":111,"column":6},"end":{"line":114,"column":null}},"37":{"start":{"line":123,"column":6},"end":{"line":126,"column":null}},"38":{"start":{"line":129,"column":6},"end":{"line":135,"column":null}},"39":{"start":{"line":138,"column":6},"end":{"line":141,"column":null}},"40":{"start":{"line":150,"column":6},"end":{"line":153,"column":null}},"41":{"start":{"line":156,"column":6},"end":{"line":162,"column":null}},"42":{"start":{"line":165,"column":6},"end":{"line":168,"column":null}},"43":{"start":{"line":177,"column":6},"end":{"line":180,"column":null}},"44":{"start":{"line":183,"column":6},"end":{"line":189,"column":null}},"45":{"start":{"line":192,"column":6},"end":{"line":195,"column":null}},"46":{"start":{"line":212,"column":10},"end":{"line":212,"column":46}},"47":{"start":{"line":213,"column":10},"end":{"line":213,"column":34}},"48":{"start":{"line":216,"column":10},"end":{"line":216,"column":37}},"49":{"start":{"line":219,"column":10},"end":{"line":219,"column":null}},"50":{"start":{"line":228,"column":10},"end":{"line":228,"column":39}},"51":{"start":{"line":252,"column":10},"end":{"line":259,"column":null}},"52":{"start":{"line":253,"column":4},"end":{"line":253,"column":28}},"53":{"start":{"line":254,"column":4},"end":{"line":254,"column":null}},"54":{"start":{"line":255,"column":4},"end":{"line":255,"column":null}},"55":{"start":{"line":256,"column":4},"end":{"line":256,"column":null}},"56":{"start":{"line":257,"column":4},"end":{"line":257,"column":null}},"57":{"start":{"line":258,"column":4},"end":{"line":258,"column":null}},"58":{"start":{"line":332,"column":10},"end":{"line":347,"column":null}},"59":{"start":{"line":333,"column":4},"end":{"line":335,"column":null}},"60":{"start":{"line":334,"column":6},"end":{"line":334,"column":12}},"61":{"start":{"line":336,"column":4},"end":{"line":346,"column":null}},"62":{"start":{"line":337,"column":6},"end":{"line":337,"column":null}},"63":{"start":{"line":338,"column":6},"end":{"line":338,"column":48}},"64":{"start":{"line":339,"column":6},"end":{"line":339,"column":null}},"65":{"start":{"line":340,"column":6},"end":{"line":340,"column":null}},"66":{"start":{"line":343,"column":6},"end":{"line":343,"column":null}},"67":{"start":{"line":344,"column":6},"end":{"line":344,"column":null}},"68":{"start":{"line":345,"column":6},"end":{"line":345,"column":null}},"69":{"start":{"line":349,"column":10},"end":{"line":355,"column":null}},"70":{"start":{"line":350,"column":27},"end":{"line":350,"column":63}},"71":{"start":{"line":351,"column":4},"end":{"line":351,"column":null}},"72":{"start":{"line":352,"column":4},"end":{"line":352,"column":null}},"73":{"start":{"line":353,"column":4},"end":{"line":353,"column":null}},"74":{"start":{"line":354,"column":4},"end":{"line":354,"column":null}},"75":{"start":{"line":357,"column":9},"end":{"line":368,"column":null}},"76":{"start":{"line":358,"column":21},"end":{"line":358,"column":41}},"77":{"start":{"line":359,"column":18},"end":{"line":359,"column":41}},"78":{"start":{"line":361,"column":15},"end":{"line":361,"column":16}},"79":{"start":{"line":362,"column":4},"end":{"line":365,"column":null}},"80":{"start":{"line":363,"column":6},"end":{"line":363,"column":null}},"81":{"start":{"line":364,"column":6},"end":{"line":364,"column":null}},"82":{"start":{"line":367,"column":4},"end":{"line":367,"column":null}},"83":{"start":{"line":235,"column":4},"end":{"line":235,"column":null}},"84":{"start":{"line":236,"column":4},"end":{"line":236,"column":null}},"85":{"start":{"line":237,"column":4},"end":{"line":237,"column":null}},"86":{"start":{"line":238,"column":4},"end":{"line":238,"column":null}},"87":{"start":{"line":239,"column":4},"end":{"line":239,"column":null}},"88":{"start":{"line":240,"column":4},"end":{"line":240,"column":null}},"89":{"start":{"line":241,"column":4},"end":{"line":241,"column":null}},"90":{"start":{"line":244,"column":4},"end":{"line":244,"column":null}},"91":{"start":{"line":247,"column":4},"end":{"line":247,"column":null}},"92":{"start":{"line":249,"column":4},"end":{"line":249,"column":null}},"93":{"start":{"line":265,"column":4},"end":{"line":265,"column":null}},"94":{"start":{"line":272,"column":4},"end":{"line":272,"column":null}},"95":{"start":{"line":279,"column":4},"end":{"line":279,"column":null}},"96":{"start":{"line":289,"column":4},"end":{"line":289,"column":21}},"97":{"start":{"line":290,"column":4},"end":{"line":327,"column":null}},"98":{"start":{"line":292,"column":8},"end":{"line":297,"column":null}},"99":{"start":{"line":292,"column":20},"end":{"line":292,"column":21}},"100":{"start":{"line":293,"column":10},"end":{"line":295,"column":null}},"101":{"start":{"line":293,"column":22},"end":{"line":293,"column":23}},"102":{"start":{"line":294,"column":12},"end":{"line":294,"column":null}},"103":{"start":{"line":296,"column":10},"end":{"line":296,"column":null}},"104":{"start":{"line":298,"column":8},"end":{"line":298,"column":14}},"105":{"start":{"line":300,"column":8},"end":{"line":306,"column":null}},"106":{"start":{"line":300,"column":20},"end":{"line":300,"column":21}},"107":{"start":{"line":301,"column":23},"end":{"line":301,"column":35}},"108":{"start":{"line":302,"column":10},"end":{"line":304,"column":null}},"109":{"start":{"line":302,"column":22},"end":{"line":302,"column":23}},"110":{"start":{"line":303,"column":12},"end":{"line":303,"column":null}},"111":{"start":{"line":305,"column":10},"end":{"line":305,"column":null}},"112":{"start":{"line":307,"column":8},"end":{"line":307,"column":14}},"113":{"start":{"line":309,"column":8},"end":{"line":314,"column":null}},"114":{"start":{"line":309,"column":20},"end":{"line":309,"column":21}},"115":{"start":{"line":310,"column":10},"end":{"line":312,"column":null}},"116":{"start":{"line":310,"column":22},"end":{"line":310,"column":23}},"117":{"start":{"line":311,"column":12},"end":{"line":311,"column":null}},"118":{"start":{"line":313,"column":10},"end":{"line":313,"column":null}},"119":{"start":{"line":315,"column":8},"end":{"line":315,"column":14}},"120":{"start":{"line":317,"column":8},"end":{"line":323,"column":null}},"121":{"start":{"line":317,"column":20},"end":{"line":317,"column":21}},"122":{"start":{"line":318,"column":23},"end":{"line":318,"column":35}},"123":{"start":{"line":319,"column":10},"end":{"line":321,"column":null}},"124":{"start":{"line":319,"column":22},"end":{"line":319,"column":23}},"125":{"start":{"line":320,"column":12},"end":{"line":320,"column":null}},"126":{"start":{"line":322,"column":10},"end":{"line":322,"column":null}},"127":{"start":{"line":324,"column":8},"end":{"line":324,"column":14}},"128":{"start":{"line":326,"column":8},"end":{"line":326,"column":14}},"129":{"start":{"line":328,"column":4},"end":{"line":328,"column":null}},"130":{"start":{"line":329,"column":4},"end":{"line":329,"column":null}},"131":{"start":{"line":211,"column":0},"end":{"line":211,"column":13}},"132":{"start":{"line":372,"column":12},"end":{"line":372,"column":59}},"133":{"start":{"line":373,"column":10},"end":{"line":373,"column":59}},"134":{"start":{"line":374,"column":10},"end":{"line":374,"column":29}},"135":{"start":{"line":380,"column":10},"end":{"line":380,"column":null}},"136":{"start":{"line":383,"column":10},"end":{"line":383,"column":null}},"137":{"start":{"line":430,"column":9},"end":{"line":440,"column":null}},"138":{"start":{"line":431,"column":4},"end":{"line":439,"column":null}},"139":{"start":{"line":432,"column":6},"end":{"line":432,"column":null}},"140":{"start":{"line":433,"column":6},"end":{"line":433,"column":59}},"141":{"start":{"line":434,"column":6},"end":{"line":434,"column":39}},"142":{"start":{"line":435,"column":6},"end":{"line":435,"column":null}},"143":{"start":{"line":436,"column":6},"end":{"line":436,"column":null}},"144":{"start":{"line":437,"column":6},"end":{"line":437,"column":null}},"145":{"start":{"line":438,"column":6},"end":{"line":438,"column":null}},"146":{"start":{"line":442,"column":9},"end":{"line":452,"column":null}},"147":{"start":{"line":443,"column":4},"end":{"line":443,"column":37}},"148":{"start":{"line":444,"column":4},"end":{"line":444,"column":42}},"149":{"start":{"line":445,"column":4},"end":{"line":445,"column":null}},"150":{"start":{"line":446,"column":4},"end":{"line":446,"column":27}},"151":{"start":{"line":447,"column":4},"end":{"line":447,"column":null}},"152":{"start":{"line":448,"column":4},"end":{"line":448,"column":null}},"153":{"start":{"line":449,"column":4},"end":{"line":449,"column":null}},"154":{"start":{"line":450,"column":4},"end":{"line":450,"column":null}},"155":{"start":{"line":451,"column":4},"end":{"line":451,"column":null}},"156":{"start":{"line":454,"column":10},"end":{"line":474,"column":null}},"157":{"start":{"line":455,"column":15},"end":{"line":458,"column":null}},"158":{"start":{"line":460,"column":13},"end":{"line":463,"column":null}},"159":{"start":{"line":465,"column":4},"end":{"line":470,"column":null}},"160":{"start":{"line":466,"column":6},"end":{"line":469,"column":null}},"161":{"start":{"line":472,"column":4},"end":{"line":472,"column":null}},"162":{"start":{"line":473,"column":4},"end":{"line":473,"column":null}},"163":{"start":{"line":497,"column":10},"end":{"line":500,"column":null}},"164":{"start":{"line":498,"column":4},"end":{"line":498,"column":null}},"165":{"start":{"line":499,"column":4},"end":{"line":499,"column":35}},"166":{"start":{"line":506,"column":10},"end":{"line":513,"column":null}},"167":{"start":{"line":509,"column":4},"end":{"line":511,"column":null}},"168":{"start":{"line":510,"column":6},"end":{"line":510,"column":null}},"169":{"start":{"line":512,"column":4},"end":{"line":512,"column":null}},"170":{"start":{"line":515,"column":10},"end":{"line":521,"column":null}},"171":{"start":{"line":516,"column":28},"end":{"line":516,"column":33}},"172":{"start":{"line":517,"column":4},"end":{"line":519,"column":null}},"173":{"start":{"line":518,"column":6},"end":{"line":518,"column":null}},"174":{"start":{"line":520,"column":4},"end":{"line":520,"column":null}},"175":{"start":{"line":528,"column":2},"end":{"line":542,"column":null}},"176":{"start":{"line":529,"column":4},"end":{"line":529,"column":null}},"177":{"start":{"line":530,"column":21},"end":{"line":530,"column":46}},"178":{"start":{"line":531,"column":4},"end":{"line":541,"column":null}},"179":{"start":{"line":532,"column":6},"end":{"line":532,"column":null}},"180":{"start":{"line":533,"column":6},"end":{"line":533,"column":null}},"181":{"start":{"line":534,"column":6},"end":{"line":534,"column":null}},"182":{"start":{"line":535,"column":6},"end":{"line":535,"column":null}},"183":{"start":{"line":536,"column":6},"end":{"line":536,"column":null}},"184":{"start":{"line":537,"column":6},"end":{"line":537,"column":null}},"185":{"start":{"line":540,"column":6},"end":{"line":540,"column":null}},"186":{"start":{"line":392,"column":4},"end":{"line":400,"column":null}},"187":{"start":{"line":393,"column":6},"end":{"line":393,"column":null}},"188":{"start":{"line":394,"column":6},"end":{"line":394,"column":null}},"189":{"start":{"line":395,"column":6},"end":{"line":395,"column":null}},"190":{"start":{"line":398,"column":6},"end":{"line":398,"column":44}},"191":{"start":{"line":399,"column":6},"end":{"line":399,"column":null}},"192":{"start":{"line":401,"column":4},"end":{"line":401,"column":null}},"193":{"start":{"line":402,"column":4},"end":{"line":402,"column":null}},"194":{"start":{"line":404,"column":4},"end":{"line":404,"column":50}},"195":{"start":{"line":406,"column":4},"end":{"line":411,"column":null}},"196":{"start":{"line":412,"column":4},"end":{"line":412,"column":null}},"197":{"start":{"line":414,"column":4},"end":{"line":414,"column":28}},"198":{"start":{"line":416,"column":4},"end":{"line":424,"column":null}},"199":{"start":{"line":428,"column":4},"end":{"line":428,"column":null}},"200":{"start":{"line":477,"column":4},"end":{"line":477,"column":null}},"201":{"start":{"line":481,"column":4},"end":{"line":481,"column":null}},"202":{"start":{"line":485,"column":4},"end":{"line":485,"column":null}},"203":{"start":{"line":490,"column":4},"end":{"line":490,"column":null}},"204":{"start":{"line":548,"column":4},"end":{"line":548,"column":null}},"205":{"start":{"line":552,"column":0},"end":{"line":552,"column":null}}},"fnMap":{"0":{"name":"(anonymous_0)","decl":{"start":{"line":3,"column":25},"end":{"line":3,"column":28}},"loc":{"start":{"line":3,"column":31},"end":{"line":8,"column":null}}},"1":{"name":"(anonymous_1)","decl":{"start":{"line":10,"column":28},"end":{"line":10,"column":31}},"loc":{"start":{"line":10,"column":33},"end":{"line":21,"column":1}}},"2":{"name":"(anonymous_2)","decl":{"start":{"line":29,"column":26},"end":{"line":29,"column":27}},"loc":{"start":{"line":29,"column":66},"end":{"line":40,"column":1}}},"3":{"name":"(anonymous_3)","decl":{"start":{"line":46,"column":24},"end":{"line":46,"column":25}},"loc":{"start":{"line":46,"column":45},"end":{"line":48,"column":1}}},"4":{"name":"(anonymous_4)","decl":{"start":{"line":50,"column":0},"end":{"line":50,"column":12}},"loc":{"start":{"line":50,"column":21},"end":{"line":55,"column":1}}},"5":{"name":"(anonymous_5)","decl":{"start":{"line":95,"column":21},"end":{"line":95,"column":22}},"loc":{"start":{"line":95,"column":34},"end":{"line":100,"column":5}}},"6":{"name":"(anonymous_6)","decl":{"start":{"line":101,"column":16},"end":{"line":101,"column":17}},"loc":{"start":{"line":101,"column":36},"end":{"line":109,"column":5}}},"7":{"name":"(anonymous_7)","decl":{"start":{"line":110,"column":15},"end":{"line":110,"column":16}},"loc":{"start":{"line":110,"column":49},"end":{"line":115,"column":5}}},"8":{"name":"(anonymous_8)","decl":{"start":{"line":122,"column":21},"end":{"line":122,"column":22}},"loc":{"start":{"line":122,"column":34},"end":{"line":127,"column":5}}},"9":{"name":"(anonymous_9)","decl":{"start":{"line":128,"column":16},"end":{"line":128,"column":17}},"loc":{"start":{"line":128,"column":36},"end":{"line":136,"column":5}}},"10":{"name":"(anonymous_10)","decl":{"start":{"line":137,"column":15},"end":{"line":137,"column":16}},"loc":{"start":{"line":137,"column":49},"end":{"line":142,"column":5}}},"11":{"name":"(anonymous_11)","decl":{"start":{"line":149,"column":21},"end":{"line":149,"column":22}},"loc":{"start":{"line":149,"column":34},"end":{"line":154,"column":5}}},"12":{"name":"(anonymous_12)","decl":{"start":{"line":155,"column":16},"end":{"line":155,"column":17}},"loc":{"start":{"line":155,"column":36},"end":{"line":163,"column":5}}},"13":{"name":"(anonymous_13)","decl":{"start":{"line":164,"column":15},"end":{"line":164,"column":16}},"loc":{"start":{"line":164,"column":49},"end":{"line":169,"column":5}}},"14":{"name":"(anonymous_14)","decl":{"start":{"line":176,"column":21},"end":{"line":176,"column":22}},"loc":{"start":{"line":176,"column":34},"end":{"line":181,"column":5}}},"15":{"name":"(anonymous_15)","decl":{"start":{"line":182,"column":16},"end":{"line":182,"column":17}},"loc":{"start":{"line":182,"column":36},"end":{"line":190,"column":5}}},"16":{"name":"(anonymous_16)","decl":{"start":{"line":191,"column":15},"end":{"line":191,"column":16}},"loc":{"start":{"line":191,"column":49},"end":{"line":196,"column":5}}},"17":{"name":"(anonymous_17)","decl":{"start":{"line":233,"column":2},"end":{"line":233,"column":15}},"loc":{"start":{"line":233,"column":76},"end":{"line":250,"column":3}}},"18":{"name":"(anonymous_18)","decl":{"start":{"line":252,"column":22},"end":{"line":252,"column":25}},"loc":{"start":{"line":252,"column":27},"end":{"line":259,"column":3}}},"19":{"name":"(anonymous_19)","decl":{"start":{"line":332,"column":22},"end":{"line":332,"column":23}},"loc":{"start":{"line":332,"column":41},"end":{"line":347,"column":3}}},"20":{"name":"(anonymous_20)","decl":{"start":{"line":349,"column":21},"end":{"line":349,"column":24}},"loc":{"start":{"line":349,"column":26},"end":{"line":355,"column":3}}},"21":{"name":"(anonymous_21)","decl":{"start":{"line":357,"column":27},"end":{"line":357,"column":30}},"loc":{"start":{"line":357,"column":32},"end":{"line":368,"column":3}}},"22":{"name":"(anonymous_22)","decl":{"start":{"line":264,"column":2},"end":{"line":264,"column":6}},"loc":{"start":{"line":264,"column":17},"end":{"line":266,"column":3}}},"23":{"name":"(anonymous_23)","decl":{"start":{"line":271,"column":2},"end":{"line":271,"column":6}},"loc":{"start":{"line":271,"column":16},"end":{"line":273,"column":3}}},"24":{"name":"(anonymous_24)","decl":{"start":{"line":278,"column":2},"end":{"line":278,"column":6}},"loc":{"start":{"line":278,"column":16},"end":{"line":280,"column":3}}},"25":{"name":"(anonymous_25)","decl":{"start":{"line":288,"column":9},"end":{"line":288,"column":19}},"loc":{"start":{"line":288,"column":36},"end":{"line":330,"column":3}}},"26":{"name":"(anonymous_26)","decl":{"start":{"line":391,"column":2},"end":{"line":391,"column":14}},"loc":{"start":{"line":391,"column":136},"end":{"line":425,"column":3}}},"27":{"name":"(anonymous_27)","decl":{"start":{"line":430,"column":16},"end":{"line":430,"column":19}},"loc":{"start":{"line":430,"column":21},"end":{"line":440,"column":3}}},"28":{"name":"(anonymous_28)","decl":{"start":{"line":442,"column":16},"end":{"line":442,"column":19}},"loc":{"start":{"line":442,"column":21},"end":{"line":452,"column":3}}},"29":{"name":"(anonymous_29)","decl":{"start":{"line":454,"column":28},"end":{"line":454,"column":31}},"loc":{"start":{"line":454,"column":33},"end":{"line":474,"column":3}}},"30":{"name":"(anonymous_30)","decl":{"start":{"line":497,"column":29},"end":{"line":497,"column":30}},"loc":{"start":{"line":497,"column":50},"end":{"line":500,"column":3}}},"31":{"name":"(anonymous_31)","decl":{"start":{"line":506,"column":28},"end":{"line":506,"column":31}},"loc":{"start":{"line":506,"column":33},"end":{"line":513,"column":3}}},"32":{"name":"(anonymous_32)","decl":{"start":{"line":515,"column":28},"end":{"line":515,"column":31}},"loc":{"start":{"line":515,"column":33},"end":{"line":521,"column":3}}},"33":{"name":"(anonymous_33)","decl":{"start":{"line":528,"column":10},"end":{"line":528,"column":11}},"loc":{"start":{"line":528,"column":35},"end":{"line":542,"column":3}}},"34":{"name":"(anonymous_34)","decl":{"start":{"line":427,"column":2},"end":{"line":427,"column":13}},"loc":{"start":{"line":427,"column":22},"end":{"line":429,"column":3}}},"35":{"name":"(anonymous_35)","decl":{"start":{"line":476,"column":2},"end":{"line":476,"column":13}},"loc":{"start":{"line":476,"column":23},"end":{"line":478,"column":3}}},"36":{"name":"(anonymous_36)","decl":{"start":{"line":480,"column":2},"end":{"line":480,"column":13}},"loc":{"start":{"line":480,"column":25},"end":{"line":482,"column":3}}},"37":{"name":"(anonymous_37)","decl":{"start":{"line":484,"column":2},"end":{"line":484,"column":13}},"loc":{"start":{"line":484,"column":20},"end":{"line":486,"column":3}}},"38":{"name":"(anonymous_38)","decl":{"start":{"line":489,"column":2},"end":{"line":489,"column":13}},"loc":{"start":{"line":489,"column":23},"end":{"line":491,"column":3}}},"39":{"name":"(anonymous_39)","decl":{"start":{"line":547,"column":12},"end":{"line":547,"column":24}},"loc":{"start":{"line":547,"column":68},"end":{"line":549,"column":3}}}},"branchMap":{"0":{"loc":{"start":{"line":34,"column":6},"end":{"line":36,"column":null}},"type":"if","locations":[{"start":{"line":34,"column":6},"end":{"line":36,"column":null}}]},"1":{"loc":{"start":{"line":50,"column":12},"end":{"line":50,"column":null}},"type":"binary-expr","locations":[{"start":{"line":50,"column":12},"end":{"line":50,"column":21}},{"start":{"line":50,"column":21},"end":{"line":50,"column":null}}]},"2":{"loc":{"start":{"line":233,"column":55},"end":{"line":233,"column":76}},"type":"default-arg","locations":[{"start":{"line":233,"column":68},"end":{"line":233,"column":76}}]},"3":{"loc":{"start":{"line":333,"column":4},"end":{"line":335,"column":null}},"type":"if","locations":[{"start":{"line":333,"column":4},"end":{"line":335,"column":null}}]},"4":{"loc":{"start":{"line":336,"column":4},"end":{"line":346,"column":null}},"type":"if","locations":[{"start":{"line":336,"column":4},"end":{"line":346,"column":null}},{"start":{"line":342,"column":8},"end":{"line":346,"column":null}}]},"5":{"loc":{"start":{"line":290,"column":4},"end":{"line":327,"column":null}},"type":"switch","locations":[{"start":{"line":291,"column":6},"end":{"line":298,"column":14}},{"start":{"line":299,"column":6},"end":{"line":307,"column":14}},{"start":{"line":308,"column":6},"end":{"line":315,"column":14}},{"start":{"line":316,"column":6},"end":{"line":324,"column":14}},{"start":{"line":325,"column":6},"end":{"line":326,"column":14}}]},"6":{"loc":{"start":{"line":391,"column":14},"end":{"line":391,"column":136}},"type":"default-arg","locations":[{"start":{"line":391,"column":99},"end":{"line":391,"column":136}}]},"7":{"loc":{"start":{"line":431,"column":4},"end":{"line":439,"column":null}},"type":"if","locations":[{"start":{"line":431,"column":4},"end":{"line":439,"column":null}}]},"8":{"loc":{"start":{"line":465,"column":10},"end":{"line":465,"column":44}},"type":"binary-expr","locations":[{"start":{"line":465,"column":11},"end":{"line":465,"column":24}},{"start":{"line":465,"column":30},"end":{"line":465,"column":43}}]},"9":{"loc":{"start":{"line":518,"column":6},"end":{"line":518,"column":null}},"type":"binary-expr","locations":[{"start":{"line":518,"column":6},"end":{"line":518,"column":23}},{"start":{"line":518,"column":6},"end":{"line":518,"column":76}}]},"10":{"loc":{"start":{"line":531,"column":4},"end":{"line":541,"column":null}},"type":"if","locations":[{"start":{"line":531,"column":4},"end":{"line":541,"column":null}},{"start":{"line":539,"column":8},"end":{"line":541,"column":null}}]},"11":{"loc":{"start":{"line":392,"column":4},"end":{"line":400,"column":null}},"type":"if","locations":[{"start":{"line":392,"column":4},"end":{"line":400,"column":null}},{"start":{"line":397,"column":8},"end":{"line":400,"column":null}}]},"12":{"loc":{"start":{"line":393,"column":22},"end":{"line":393,"column":42}},"type":"binary-expr","locations":[{"start":{"line":393,"column":22},"end":{"line":393,"column":37}},{"start":{"line":393,"column":41},"end":{"line":393,"column":42}}]},"13":{"loc":{"start":{"line":401,"column":25},"end":{"line":401,"column":42}},"type":"binary-expr","locations":[{"start":{"line":401,"column":25},"end":{"line":401,"column":37}},{"start":{"line":401,"column":41},"end":{"line":401,"column":42}}]},"14":{"loc":{"start":{"line":404,"column":28},"end":{"line":404,"column":49}},"type":"binary-expr","locations":[{"start":{"line":404,"column":28},"end":{"line":404,"column":44}},{"start":{"line":404,"column":48},"end":{"line":404,"column":49}}]},"15":{"loc":{"start":{"line":548,"column":61},"end":{"line":548,"column":88}},"type":"cond-expr","locations":[{"start":{"line":548,"column":83},"end":{"line":548,"column":84}},{"start":{"line":548,"column":87},"end":{"line":548,"column":88}}]}},"s":{"0":4,"1":4,"2":2455,"3":4,"4":4,"5":11,"6":11,"7":11,"8":11,"9":44,"10":44,"11":176,"12":176,"13":11,"14":11,"15":4,"16":4,"17":4,"18":1668,"19":1668,"20":2720,"21":2720,"22":7353,"23":1407,"24":261,"25":4,"26":100247,"27":4,"28":4,"29":4,"30":4,"31":4,"32":4,"33":4,"34":173,"35":1672,"36":82,"37":173,"38":1672,"39":73,"40":173,"41":1664,"42":71,"43":173,"44":1664,"45":71,"46":692,"47":692,"48":692,"49":692,"50":692,"51":692,"52":1668,"53":1668,"54":1668,"55":1668,"56":1668,"57":1668,"58":692,"59":26688,"60":8566,"61":18122,"62":15086,"63":15086,"64":15086,"65":15086,"66":3036,"67":3036,"68":3036,"69":692,"70":6672,"71":6672,"72":6672,"73":6672,"74":6672,"75":692,"76":297,"77":297,"78":297,"79":297,"80":421,"81":421,"82":297,"83":692,"84":692,"85":692,"86":692,"87":692,"88":692,"89":692,"90":692,"91":692,"92":692,"93":644,"94":1997,"95":217,"96":1668,"97":1668,"98":418,"99":418,"100":1672,"101":1672,"102":6688,"103":1672,"104":418,"105":418,"106":418,"107":1672,"108":1672,"109":1672,"110":6688,"111":1672,"112":418,"113":416,"114":416,"115":1664,"116":1664,"117":6656,"118":1664,"119":416,"120":416,"121":416,"122":1664,"123":1664,"124":1664,"125":6656,"126":1664,"127":416,"128":0,"129":1668,"130":1668,"131":4,"132":155,"133":155,"134":155,"135":155,"136":155,"137":155,"138":35,"139":12,"140":12,"141":12,"142":12,"143":12,"144":12,"145":12,"146":155,"147":9,"148":9,"149":9,"150":9,"151":9,"152":9,"153":9,"154":9,"155":9,"156":155,"157":11,"158":11,"159":11,"160":1,"161":11,"162":11,"163":155,"164":185,"165":185,"166":155,"167":206,"168":824,"169":206,"170":155,"171":361,"172":361,"173":1444,"174":361,"175":155,"176":197,"177":197,"178":197,"179":185,"180":185,"181":185,"182":185,"183":185,"184":185,"185":12,"186":155,"187":2,"188":2,"189":2,"190":153,"191":153,"192":155,"193":155,"194":155,"195":155,"196":155,"197":155,"198":155,"199":91,"200":34,"201":90,"202":1,"203":375,"204":41,"205":4},"f":{"0":2455,"1":11,"2":1668,"3":100247,"4":4,"5":173,"6":1672,"7":82,"8":173,"9":1672,"10":73,"11":173,"12":1664,"13":71,"14":173,"15":1664,"16":71,"17":692,"18":1668,"19":26688,"20":6672,"21":297,"22":644,"23":1997,"24":217,"25":1668,"26":155,"27":35,"28":9,"29":11,"30":185,"31":206,"32":361,"33":197,"34":91,"35":34,"36":90,"37":1,"38":375,"39":41},"b":{"0":[1407],"1":[4,4],"2":[676],"3":[8566],"4":[15086,3036],"5":[418,418,416,416,0],"6":[0],"7":[12],"8":[12,7],"9":[1444,439],"10":[185,12],"11":[2,153],"12":[2,0],"13":[155,91],"14":[155,154],"15":[36,5]}}
,"D:\\Scripts\\React\\twenty_fortyeight\\__tests__\\helpers\\gridMocks.ts": {"path":"D:\\Scripts\\React\\twenty_fortyeight\\__tests__\\helpers\\gridMocks.ts","statementMap":{"0":{"start":{"line":1,"column":0},"end":{"line":1,"column":30}},"1":{"start":{"line":6,"column":0},"end":{"line":6,"column":13}},"2":{"start":{"line":15,"column":2},"end":{"line":15,"column":21}},"3":{"start":{"line":16,"column":2},"end":{"line":24,"column":null}},"4":{"start":{"line":17,"column":4},"end":{"line":19,"column":null}},"5":{"start":{"line":18,"column":6},"end":{"line":18,"column":null}},"6":{"start":{"line":20,"column":4},"end":{"line":22,"column":null}},"7":{"start":{"line":21,"column":6},"end":{"line":21,"column":null}},"8":{"start":{"line":23,"column":4},"end":{"line":23,"column":null}},"9":{"start":{"line":14,"column":0},"end":{"line":14,"column":13}}},"fnMap":{"0":{"name":"(anonymous_1)","decl":{"start":{"line":8,"column":2},"end":{"line":8,"column":14}},"loc":{"start":{"line":8,"column":58},"end":{"line":8,"column":61}}},"1":{"name":"(anonymous_2)","decl":{"start":{"line":14,"column":0},"end":{"line":14,"column":13}},"loc":{"start":{"line":14,"column":0},"end":{"line":25,"column":1}}},"2":{"name":"(anonymous_3)","decl":{"start":{"line":16,"column":17},"end":{"line":16,"column":18}},"loc":{"start":{"line":16,"column":65},"end":{"line":24,"column":3}}}},"branchMap":{"0":{"loc":{"start":{"line":17,"column":4},"end":{"line":19,"column":null}},"type":"if","locations":[{"start":{"line":17,"column":4},"end":{"line":19,"column":null}}]},"1":{"loc":{"start":{"line":20,"column":4},"end":{"line":22,"column":null}},"type":"if","locations":[{"start":{"line":20,"column":4},"end":{"line":22,"column":null}}]}},"s":{"0":1,"1":1,"2":9,"3":9,"4":22,"5":9,"6":22,"7":9,"8":22,"9":1},"f":{"0":144,"1":9,"2":22},"b":{"0":[9],"1":[9]}}
,"D:\\Scripts\\React\\twenty_fortyeight\\__tests__\\helpers\\testGrids.js": {"path":"D:\\Scripts\\React\\twenty_fortyeight\\__tests__\\helpers\\testGrids.js","statementMap":{"0":{"start":{"line":1,"column":26},"end":{"line":330,"column":1}}},"fnMap":{},"branchMap":{},"s":{"0":4},"f":{},"b":{},"_coverageSchema":"1a1c01bbd47fc00a2c39e90264f33305004495a9","hash":"3377027aa88ba0fc17bb05f881d4479b0b94bb1c"}
,"D:\\Scripts\\React\\twenty_fortyeight\\__tests__\\helpers\\values.ts": {"path":"D:\\Scripts\\React\\twenty_fortyeight\\__tests__\\helpers\\values.ts","statementMap":{"0":{"start":{"line":1,"column":0},"end":{"line":1,"column":38}},"1":{"start":{"line":3,"column":13},"end":{"line":3,"column":null}},"2":{"start":{"line":4,"column":13},"end":{"line":9,"column":null}}},"fnMap":{},"branchMap":{},"s":{"0":2,"1":2,"2":2},"f":{},"b":{}}
,"D:\\Scripts\\React\\twenty_fortyeight\\assets\\restart-square.svg": {"path":"D:\\Scripts\\React\\twenty_fortyeight\\assets\\restart-square.svg","statementMap":{"0":{"start":{"line":1,"column":0},"end":{"line":4,"column":6}}},"fnMap":{},"branchMap":{},"s":{"0":2},"f":{},"b":{},"_coverageSchema":"1a1c01bbd47fc00a2c39e90264f33305004495a9","hash":"aafb9af93f10b2e3073d72bb84497bca772d6171"}
,"D:\\Scripts\\React\\twenty_fortyeight\\assets\\undo.svg": {"path":"D:\\Scripts\\React\\twenty_fortyeight\\assets\\undo.svg","statementMap":{"0":{"start":{"line":1,"column":0},"end":{"line":4,"column":6}}},"fnMap":{},"branchMap":{},"s":{"0":2},"f":{},"b":{},"_coverageSchema":"1a1c01bbd47fc00a2c39e90264f33305004495a9","hash":"e36041682cbb42465174927f268fb88c93ede22f"}
}
