{"D:\\Scripts\\React\\twenty_fortyeight\\grid.ts": {"path":"D:\\Scripts\\React\\twenty_fortyeight\\grid.ts","statementMap":{"0":{"start":{"line":2,"column":25},"end":{"line":7,"column":null}},"1":{"start":{"line":2,"column":31},"end":{"line":7,"column":null}},"2":{"start":{"line":2,"column":13},"end":{"line":2,"column":25}},"3":{"start":{"line":9,"column":17},"end":{"line":9,"column":18}},"4":{"start":{"line":15,"column":26},"end":{"line":26,"column":1}},"5":{"start":{"line":17,"column":2},"end":{"line":24,"column":null}},"6":{"start":{"line":17,"column":14},"end":{"line":17,"column":15}},"7":{"start":{"line":19,"column":4},"end":{"line":23,"column":null}},"8":{"start":{"line":19,"column":16},"end":{"line":19,"column":17}},"9":{"start":{"line":20,"column":6},"end":{"line":22,"column":null}},"10":{"start":{"line":21,"column":8},"end":{"line":21,"column":null}},"11":{"start":{"line":25,"column":2},"end":{"line":25,"column":null}},"12":{"start":{"line":32,"column":24},"end":{"line":34,"column":1}},"13":{"start":{"line":33,"column":2},"end":{"line":33,"column":null}},"14":{"start":{"line":32,"column":13},"end":{"line":32,"column":24}},"15":{"start":{"line":36,"column":0},"end":{"line":36,"column":null}},"16":{"start":{"line":37,"column":2},"end":{"line":37,"column":null}},"17":{"start":{"line":38,"column":2},"end":{"line":38,"column":null}},"18":{"start":{"line":39,"column":2},"end":{"line":39,"column":null}},"19":{"start":{"line":40,"column":2},"end":{"line":40,"column":null}},"20":{"start":{"line":75,"column":63},"end":{"line":184,"column":null}},"21":{"start":{"line":82,"column":6},"end":{"line":85,"column":null}},"22":{"start":{"line":88,"column":6},"end":{"line":94,"column":null}},"23":{"start":{"line":97,"column":6},"end":{"line":100,"column":null}},"24":{"start":{"line":109,"column":6},"end":{"line":112,"column":null}},"25":{"start":{"line":115,"column":6},"end":{"line":121,"column":null}},"26":{"start":{"line":124,"column":6},"end":{"line":127,"column":null}},"27":{"start":{"line":136,"column":6},"end":{"line":139,"column":null}},"28":{"start":{"line":142,"column":6},"end":{"line":148,"column":null}},"29":{"start":{"line":151,"column":6},"end":{"line":154,"column":null}},"30":{"start":{"line":163,"column":6},"end":{"line":166,"column":null}},"31":{"start":{"line":169,"column":6},"end":{"line":175,"column":null}},"32":{"start":{"line":178,"column":6},"end":{"line":181,"column":null}},"33":{"start":{"line":198,"column":34},"end":{"line":198,"column":45}},"34":{"start":{"line":199,"column":32},"end":{"line":199,"column":33}},"35":{"start":{"line":202,"column":35},"end":{"line":202,"column":36}},"36":{"start":{"line":205,"column":34},"end":{"line":205,"column":36}},"37":{"start":{"line":214,"column":34},"end":{"line":214,"column":38}},"38":{"start":{"line":221,"column":4},"end":{"line":221,"column":null}},"39":{"start":{"line":222,"column":4},"end":{"line":222,"column":null}},"40":{"start":{"line":223,"column":4},"end":{"line":223,"column":null}},"41":{"start":{"line":224,"column":4},"end":{"line":224,"column":null}},"42":{"start":{"line":225,"column":4},"end":{"line":225,"column":null}},"43":{"start":{"line":226,"column":4},"end":{"line":226,"column":null}},"44":{"start":{"line":227,"column":4},"end":{"line":227,"column":null}},"45":{"start":{"line":230,"column":4},"end":{"line":230,"column":null}},"46":{"start":{"line":233,"column":4},"end":{"line":233,"column":null}},"47":{"start":{"line":235,"column":4},"end":{"line":235,"column":null}},"48":{"start":{"line":238,"column":22},"end":{"line":245,"column":3}},"49":{"start":{"line":239,"column":4},"end":{"line":239,"column":28}},"50":{"start":{"line":240,"column":4},"end":{"line":240,"column":null}},"51":{"start":{"line":241,"column":4},"end":{"line":241,"column":null}},"52":{"start":{"line":242,"column":4},"end":{"line":242,"column":null}},"53":{"start":{"line":243,"column":4},"end":{"line":243,"column":null}},"54":{"start":{"line":244,"column":4},"end":{"line":244,"column":null}},"55":{"start":{"line":251,"column":4},"end":{"line":251,"column":null}},"56":{"start":{"line":258,"column":4},"end":{"line":258,"column":null}},"57":{"start":{"line":265,"column":4},"end":{"line":265,"column":null}},"58":{"start":{"line":275,"column":4},"end":{"line":275,"column":21}},"59":{"start":{"line":276,"column":4},"end":{"line":313,"column":null}},"60":{"start":{"line":278,"column":8},"end":{"line":283,"column":null}},"61":{"start":{"line":278,"column":20},"end":{"line":278,"column":21}},"62":{"start":{"line":279,"column":10},"end":{"line":281,"column":null}},"63":{"start":{"line":279,"column":22},"end":{"line":279,"column":23}},"64":{"start":{"line":280,"column":12},"end":{"line":280,"column":null}},"65":{"start":{"line":282,"column":10},"end":{"line":282,"column":null}},"66":{"start":{"line":284,"column":8},"end":{"line":284,"column":14}},"67":{"start":{"line":286,"column":8},"end":{"line":292,"column":null}},"68":{"start":{"line":286,"column":20},"end":{"line":286,"column":21}},"69":{"start":{"line":287,"column":23},"end":{"line":287,"column":35}},"70":{"start":{"line":288,"column":10},"end":{"line":290,"column":null}},"71":{"start":{"line":288,"column":22},"end":{"line":288,"column":23}},"72":{"start":{"line":289,"column":12},"end":{"line":289,"column":null}},"73":{"start":{"line":291,"column":10},"end":{"line":291,"column":null}},"74":{"start":{"line":293,"column":8},"end":{"line":293,"column":14}},"75":{"start":{"line":295,"column":8},"end":{"line":300,"column":null}},"76":{"start":{"line":295,"column":20},"end":{"line":295,"column":21}},"77":{"start":{"line":296,"column":10},"end":{"line":298,"column":null}},"78":{"start":{"line":296,"column":22},"end":{"line":296,"column":23}},"79":{"start":{"line":297,"column":12},"end":{"line":297,"column":null}},"80":{"start":{"line":299,"column":10},"end":{"line":299,"column":null}},"81":{"start":{"line":301,"column":8},"end":{"line":301,"column":14}},"82":{"start":{"line":303,"column":8},"end":{"line":309,"column":null}},"83":{"start":{"line":303,"column":20},"end":{"line":303,"column":21}},"84":{"start":{"line":304,"column":23},"end":{"line":304,"column":35}},"85":{"start":{"line":305,"column":10},"end":{"line":307,"column":null}},"86":{"start":{"line":305,"column":22},"end":{"line":305,"column":23}},"87":{"start":{"line":306,"column":12},"end":{"line":306,"column":null}},"88":{"start":{"line":308,"column":10},"end":{"line":308,"column":null}},"89":{"start":{"line":310,"column":8},"end":{"line":310,"column":14}},"90":{"start":{"line":312,"column":8},"end":{"line":312,"column":14}},"91":{"start":{"line":314,"column":4},"end":{"line":314,"column":null}},"92":{"start":{"line":315,"column":4},"end":{"line":315,"column":null}},"93":{"start":{"line":318,"column":22},"end":{"line":333,"column":3}},"94":{"start":{"line":319,"column":4},"end":{"line":321,"column":null}},"95":{"start":{"line":320,"column":6},"end":{"line":320,"column":12}},"96":{"start":{"line":322,"column":4},"end":{"line":332,"column":null}},"97":{"start":{"line":323,"column":6},"end":{"line":323,"column":null}},"98":{"start":{"line":324,"column":6},"end":{"line":324,"column":48}},"99":{"start":{"line":325,"column":6},"end":{"line":325,"column":null}},"100":{"start":{"line":326,"column":6},"end":{"line":326,"column":null}},"101":{"start":{"line":329,"column":6},"end":{"line":329,"column":null}},"102":{"start":{"line":330,"column":6},"end":{"line":330,"column":null}},"103":{"start":{"line":331,"column":6},"end":{"line":331,"column":null}},"104":{"start":{"line":335,"column":21},"end":{"line":341,"column":3}},"105":{"start":{"line":336,"column":27},"end":{"line":336,"column":63}},"106":{"start":{"line":337,"column":4},"end":{"line":337,"column":null}},"107":{"start":{"line":338,"column":4},"end":{"line":338,"column":null}},"108":{"start":{"line":339,"column":4},"end":{"line":339,"column":null}},"109":{"start":{"line":340,"column":4},"end":{"line":340,"column":null}},"110":{"start":{"line":343,"column":27},"end":{"line":354,"column":3}},"111":{"start":{"line":344,"column":21},"end":{"line":344,"column":41}},"112":{"start":{"line":345,"column":18},"end":{"line":345,"column":41}},"113":{"start":{"line":347,"column":15},"end":{"line":347,"column":16}},"114":{"start":{"line":348,"column":4},"end":{"line":351,"column":null}},"115":{"start":{"line":349,"column":6},"end":{"line":349,"column":null}},"116":{"start":{"line":350,"column":6},"end":{"line":350,"column":null}},"117":{"start":{"line":353,"column":4},"end":{"line":353,"column":null}},"118":{"start":{"line":197,"column":0},"end":{"line":197,"column":13}},"119":{"start":{"line":359,"column":40},"end":{"line":359,"column":44}},"120":{"start":{"line":365,"column":22},"end":{"line":365,"column":27}},"121":{"start":{"line":374,"column":4},"end":{"line":382,"column":null}},"122":{"start":{"line":375,"column":6},"end":{"line":375,"column":null}},"123":{"start":{"line":376,"column":6},"end":{"line":376,"column":null}},"124":{"start":{"line":377,"column":6},"end":{"line":377,"column":null}},"125":{"start":{"line":380,"column":6},"end":{"line":380,"column":37}},"126":{"start":{"line":381,"column":6},"end":{"line":381,"column":null}},"127":{"start":{"line":383,"column":4},"end":{"line":383,"column":null}},"128":{"start":{"line":385,"column":4},"end":{"line":390,"column":null}},"129":{"start":{"line":393,"column":28},"end":{"line":413,"column":3}},"130":{"start":{"line":394,"column":15},"end":{"line":397,"column":null}},"131":{"start":{"line":399,"column":13},"end":{"line":402,"column":null}},"132":{"start":{"line":404,"column":4},"end":{"line":409,"column":null}},"133":{"start":{"line":405,"column":6},"end":{"line":408,"column":null}},"134":{"start":{"line":411,"column":4},"end":{"line":411,"column":null}},"135":{"start":{"line":412,"column":4},"end":{"line":412,"column":null}},"136":{"start":{"line":416,"column":4},"end":{"line":416,"column":null}},"137":{"start":{"line":420,"column":4},"end":{"line":420,"column":null}},"138":{"start":{"line":424,"column":4},"end":{"line":424,"column":null}},"139":{"start":{"line":429,"column":4},"end":{"line":429,"column":null}},"140":{"start":{"line":436,"column":29},"end":{"line":439,"column":3}},"141":{"start":{"line":437,"column":4},"end":{"line":437,"column":null}},"142":{"start":{"line":438,"column":4},"end":{"line":438,"column":28}},"143":{"start":{"line":445,"column":28},"end":{"line":452,"column":3}},"144":{"start":{"line":448,"column":4},"end":{"line":450,"column":null}},"145":{"start":{"line":449,"column":6},"end":{"line":449,"column":null}},"146":{"start":{"line":451,"column":4},"end":{"line":451,"column":null}},"147":{"start":{"line":454,"column":28},"end":{"line":460,"column":3}},"148":{"start":{"line":455,"column":28},"end":{"line":455,"column":43}},"149":{"start":{"line":456,"column":4},"end":{"line":458,"column":null}},"150":{"start":{"line":457,"column":6},"end":{"line":457,"column":null}},"151":{"start":{"line":459,"column":4},"end":{"line":459,"column":null}},"152":{"start":{"line":467,"column":10},"end":{"line":479,"column":3}},"153":{"start":{"line":468,"column":21},"end":{"line":468,"column":46}},"154":{"start":{"line":469,"column":4},"end":{"line":478,"column":null}},"155":{"start":{"line":470,"column":6},"end":{"line":470,"column":null}},"156":{"start":{"line":471,"column":6},"end":{"line":471,"column":null}},"157":{"start":{"line":472,"column":6},"end":{"line":472,"column":null}},"158":{"start":{"line":473,"column":6},"end":{"line":473,"column":null}},"159":{"start":{"line":474,"column":6},"end":{"line":474,"column":null}},"160":{"start":{"line":477,"column":6},"end":{"line":477,"column":null}},"161":{"start":{"line":484,"column":27},"end":{"line":486,"column":3}},"162":{"start":{"line":485,"column":4},"end":{"line":485,"column":null}},"163":{"start":{"line":489,"column":0},"end":{"line":489,"column":null}}},"fnMap":{"0":{"name":"(anonymous_0)","decl":{"start":{"line":2,"column":25},"end":{"line":2,"column":28}},"loc":{"start":{"line":2,"column":31},"end":{"line":7,"column":null}}},"1":{"name":"(anonymous_1)","decl":{"start":{"line":15,"column":26},"end":{"line":15,"column":27}},"loc":{"start":{"line":15,"column":66},"end":{"line":26,"column":1}}},"2":{"name":"(anonymous_2)","decl":{"start":{"line":32,"column":24},"end":{"line":32,"column":25}},"loc":{"start":{"line":32,"column":45},"end":{"line":34,"column":1}}},"3":{"name":"(anonymous_3)","decl":{"start":{"line":36,"column":0},"end":{"line":36,"column":12}},"loc":{"start":{"line":36,"column":21},"end":{"line":41,"column":1}}},"4":{"name":"(anonymous_4)","decl":{"start":{"line":81,"column":21},"end":{"line":81,"column":22}},"loc":{"start":{"line":81,"column":34},"end":{"line":86,"column":5}}},"5":{"name":"(anonymous_5)","decl":{"start":{"line":87,"column":16},"end":{"line":87,"column":17}},"loc":{"start":{"line":87,"column":36},"end":{"line":95,"column":5}}},"6":{"name":"(anonymous_6)","decl":{"start":{"line":96,"column":15},"end":{"line":96,"column":16}},"loc":{"start":{"line":96,"column":49},"end":{"line":101,"column":5}}},"7":{"name":"(anonymous_7)","decl":{"start":{"line":108,"column":21},"end":{"line":108,"column":22}},"loc":{"start":{"line":108,"column":34},"end":{"line":113,"column":5}}},"8":{"name":"(anonymous_8)","decl":{"start":{"line":114,"column":16},"end":{"line":114,"column":17}},"loc":{"start":{"line":114,"column":36},"end":{"line":122,"column":5}}},"9":{"name":"(anonymous_9)","decl":{"start":{"line":123,"column":15},"end":{"line":123,"column":16}},"loc":{"start":{"line":123,"column":49},"end":{"line":128,"column":5}}},"10":{"name":"(anonymous_10)","decl":{"start":{"line":135,"column":21},"end":{"line":135,"column":22}},"loc":{"start":{"line":135,"column":34},"end":{"line":140,"column":5}}},"11":{"name":"(anonymous_11)","decl":{"start":{"line":141,"column":16},"end":{"line":141,"column":17}},"loc":{"start":{"line":141,"column":36},"end":{"line":149,"column":5}}},"12":{"name":"(anonymous_12)","decl":{"start":{"line":150,"column":15},"end":{"line":150,"column":16}},"loc":{"start":{"line":150,"column":49},"end":{"line":155,"column":5}}},"13":{"name":"(anonymous_13)","decl":{"start":{"line":162,"column":21},"end":{"line":162,"column":22}},"loc":{"start":{"line":162,"column":34},"end":{"line":167,"column":5}}},"14":{"name":"(anonymous_14)","decl":{"start":{"line":168,"column":16},"end":{"line":168,"column":17}},"loc":{"start":{"line":168,"column":36},"end":{"line":176,"column":5}}},"15":{"name":"(anonymous_15)","decl":{"start":{"line":177,"column":15},"end":{"line":177,"column":16}},"loc":{"start":{"line":177,"column":49},"end":{"line":182,"column":5}}},"16":{"name":"(anonymous_16)","decl":{"start":{"line":219,"column":2},"end":{"line":219,"column":15}},"loc":{"start":{"line":219,"column":76},"end":{"line":236,"column":3}}},"17":{"name":"(anonymous_17)","decl":{"start":{"line":238,"column":22},"end":{"line":238,"column":25}},"loc":{"start":{"line":238,"column":27},"end":{"line":245,"column":3}}},"18":{"name":"(anonymous_18)","decl":{"start":{"line":250,"column":2},"end":{"line":250,"column":6}},"loc":{"start":{"line":250,"column":17},"end":{"line":252,"column":3}}},"19":{"name":"(anonymous_19)","decl":{"start":{"line":257,"column":2},"end":{"line":257,"column":6}},"loc":{"start":{"line":257,"column":16},"end":{"line":259,"column":3}}},"20":{"name":"(anonymous_20)","decl":{"start":{"line":264,"column":2},"end":{"line":264,"column":6}},"loc":{"start":{"line":264,"column":16},"end":{"line":266,"column":3}}},"21":{"name":"(anonymous_21)","decl":{"start":{"line":274,"column":9},"end":{"line":274,"column":19}},"loc":{"start":{"line":274,"column":36},"end":{"line":316,"column":3}}},"22":{"name":"(anonymous_22)","decl":{"start":{"line":318,"column":22},"end":{"line":318,"column":23}},"loc":{"start":{"line":318,"column":41},"end":{"line":333,"column":3}}},"23":{"name":"(anonymous_23)","decl":{"start":{"line":335,"column":21},"end":{"line":335,"column":24}},"loc":{"start":{"line":335,"column":26},"end":{"line":341,"column":3}}},"24":{"name":"(anonymous_24)","decl":{"start":{"line":343,"column":27},"end":{"line":343,"column":30}},"loc":{"start":{"line":343,"column":32},"end":{"line":354,"column":3}}},"25":{"name":"(anonymous_25)","decl":{"start":{"line":373,"column":2},"end":{"line":373,"column":14}},"loc":{"start":{"line":373,"column":102},"end":{"line":391,"column":3}}},"26":{"name":"(anonymous_26)","decl":{"start":{"line":393,"column":28},"end":{"line":393,"column":31}},"loc":{"start":{"line":393,"column":33},"end":{"line":413,"column":3}}},"27":{"name":"(anonymous_27)","decl":{"start":{"line":415,"column":2},"end":{"line":415,"column":13}},"loc":{"start":{"line":415,"column":21},"end":{"line":417,"column":3}}},"28":{"name":"(anonymous_28)","decl":{"start":{"line":419,"column":2},"end":{"line":419,"column":13}},"loc":{"start":{"line":419,"column":25},"end":{"line":421,"column":3}}},"29":{"name":"(anonymous_29)","decl":{"start":{"line":423,"column":2},"end":{"line":423,"column":13}},"loc":{"start":{"line":423,"column":20},"end":{"line":425,"column":3}}},"30":{"name":"(anonymous_30)","decl":{"start":{"line":428,"column":2},"end":{"line":428,"column":13}},"loc":{"start":{"line":428,"column":23},"end":{"line":430,"column":3}}},"31":{"name":"(anonymous_31)","decl":{"start":{"line":436,"column":29},"end":{"line":436,"column":30}},"loc":{"start":{"line":436,"column":50},"end":{"line":439,"column":3}}},"32":{"name":"(anonymous_32)","decl":{"start":{"line":445,"column":28},"end":{"line":445,"column":31}},"loc":{"start":{"line":445,"column":33},"end":{"line":452,"column":3}}},"33":{"name":"(anonymous_33)","decl":{"start":{"line":454,"column":28},"end":{"line":454,"column":31}},"loc":{"start":{"line":454,"column":33},"end":{"line":460,"column":3}}},"34":{"name":"(anonymous_34)","decl":{"start":{"line":467,"column":10},"end":{"line":467,"column":11}},"loc":{"start":{"line":467,"column":35},"end":{"line":479,"column":3}}},"35":{"name":"(anonymous_35)","decl":{"start":{"line":484,"column":27},"end":{"line":484,"column":28}},"loc":{"start":{"line":484,"column":75},"end":{"line":486,"column":3}}}},"branchMap":{"0":{"loc":{"start":{"line":20,"column":6},"end":{"line":22,"column":null}},"type":"if","locations":[{"start":{"line":20,"column":6},"end":{"line":22,"column":null}}]},"1":{"loc":{"start":{"line":36,"column":12},"end":{"line":36,"column":null}},"type":"binary-expr","locations":[{"start":{"line":36,"column":12},"end":{"line":36,"column":21}},{"start":{"line":36,"column":21},"end":{"line":36,"column":null}}]},"2":{"loc":{"start":{"line":219,"column":55},"end":{"line":219,"column":76}},"type":"default-arg","locations":[{"start":{"line":219,"column":68},"end":{"line":219,"column":76}}]},"3":{"loc":{"start":{"line":276,"column":4},"end":{"line":313,"column":null}},"type":"switch","locations":[{"start":{"line":277,"column":6},"end":{"line":284,"column":14}},{"start":{"line":285,"column":6},"end":{"line":293,"column":14}},{"start":{"line":294,"column":6},"end":{"line":301,"column":14}},{"start":{"line":302,"column":6},"end":{"line":310,"column":14}},{"start":{"line":311,"column":6},"end":{"line":312,"column":14}}]},"4":{"loc":{"start":{"line":319,"column":4},"end":{"line":321,"column":null}},"type":"if","locations":[{"start":{"line":319,"column":4},"end":{"line":321,"column":null}}]},"5":{"loc":{"start":{"line":322,"column":4},"end":{"line":332,"column":null}},"type":"if","locations":[{"start":{"line":322,"column":4},"end":{"line":332,"column":null}},{"start":{"line":328,"column":8},"end":{"line":332,"column":null}}]},"6":{"loc":{"start":{"line":373,"column":14},"end":{"line":373,"column":102}},"type":"default-arg","locations":[{"start":{"line":373,"column":79},"end":{"line":373,"column":102}}]},"7":{"loc":{"start":{"line":374,"column":4},"end":{"line":382,"column":null}},"type":"if","locations":[{"start":{"line":374,"column":4},"end":{"line":382,"column":null}},{"start":{"line":379,"column":8},"end":{"line":382,"column":null}}]},"8":{"loc":{"start":{"line":375,"column":22},"end":{"line":375,"column":42}},"type":"binary-expr","locations":[{"start":{"line":375,"column":22},"end":{"line":375,"column":37}},{"start":{"line":375,"column":41},"end":{"line":375,"column":42}}]},"9":{"loc":{"start":{"line":383,"column":25},"end":{"line":383,"column":42}},"type":"binary-expr","locations":[{"start":{"line":383,"column":25},"end":{"line":383,"column":37}},{"start":{"line":383,"column":41},"end":{"line":383,"column":42}}]},"10":{"loc":{"start":{"line":404,"column":10},"end":{"line":404,"column":44}},"type":"binary-expr","locations":[{"start":{"line":404,"column":11},"end":{"line":404,"column":24}},{"start":{"line":404,"column":30},"end":{"line":404,"column":43}}]},"11":{"loc":{"start":{"line":469,"column":4},"end":{"line":478,"column":null}},"type":"if","locations":[{"start":{"line":469,"column":4},"end":{"line":478,"column":null}},{"start":{"line":476,"column":8},"end":{"line":478,"column":null}}]},"12":{"loc":{"start":{"line":485,"column":61},"end":{"line":485,"column":88}},"type":"cond-expr","locations":[{"start":{"line":485,"column":83},"end":{"line":485,"column":84}},{"start":{"line":485,"column":87},"end":{"line":485,"column":88}}]}},"s":{"0":2,"1":1546,"2":2,"3":2,"4":2,"5":1044,"6":1044,"7":1657,"8":1657,"9":4421,"10":887,"11":157,"12":2,"13":100136,"14":2,"15":2,"16":2,"17":2,"18":2,"19":2,"20":2,"21":107,"22":1048,"23":58,"24":107,"25":1048,"26":58,"27":107,"28":1040,"29":56,"30":107,"31":1040,"32":56,"33":428,"34":428,"35":428,"36":428,"37":428,"38":428,"39":428,"40":428,"41":428,"42":428,"43":428,"44":428,"45":428,"46":428,"47":428,"48":428,"49":1044,"50":1044,"51":1044,"52":1044,"53":1044,"54":1044,"55":508,"56":1304,"57":148,"58":1044,"59":1044,"60":262,"61":262,"62":1048,"63":1048,"64":4192,"65":1048,"66":262,"67":262,"68":262,"69":1048,"70":1048,"71":1048,"72":4192,"73":1048,"74":262,"75":260,"76":260,"77":1040,"78":1040,"79":4160,"80":1040,"81":260,"82":260,"83":260,"84":1040,"85":1040,"86":1040,"87":4160,"88":1040,"89":260,"90":0,"91":1044,"92":1044,"93":428,"94":16704,"95":5546,"96":11158,"97":9116,"98":9116,"99":9116,"100":9116,"101":2042,"102":2042,"103":2042,"104":428,"105":4176,"106":4176,"107":4176,"108":4176,"109":4176,"110":428,"111":228,"112":228,"113":228,"114":228,"115":316,"116":316,"117":228,"118":2,"119":89,"120":89,"121":89,"122":1,"123":1,"124":1,"125":88,"126":88,"127":89,"128":89,"129":89,"130":1,"131":1,"132":1,"133":0,"134":1,"135":1,"136":8,"137":72,"138":0,"139":322,"140":89,"141":116,"142":116,"143":89,"144":116,"145":464,"146":116,"147":89,"148":116,"149":116,"150":464,"151":116,"152":89,"153":124,"154":124,"155":116,"156":116,"157":116,"158":116,"159":116,"160":8,"161":89,"162":22,"163":2},"f":{"0":1546,"1":1044,"2":100136,"3":2,"4":107,"5":1048,"6":58,"7":107,"8":1048,"9":58,"10":107,"11":1040,"12":56,"13":107,"14":1040,"15":56,"16":428,"17":1044,"18":508,"19":1304,"20":148,"21":1044,"22":16704,"23":4176,"24":228,"25":89,"26":1,"27":8,"28":72,"29":0,"30":322,"31":116,"32":116,"33":116,"34":124,"35":22},"b":{"0":[887],"1":[2,2],"2":[412],"3":[262,262,260,260,0],"4":[5546],"5":[9116,2042],"6":[0],"7":[1,88],"8":[1,0],"9":[89,53],"10":[1,0],"11":[116,8],"12":[20,2]}}
}
