TN:
SF:grid.ts
FN:2,(anonymous_0)
FN:15,(anonymous_1)
FN:32,(anonymous_2)
FN:36,(anonymous_3)
FN:81,(anonymous_4)
FN:87,(anonymous_5)
FN:96,(anonymous_6)
FN:108,(anonymous_7)
FN:114,(anonymous_8)
FN:123,(anonymous_9)
FN:135,(anonymous_10)
FN:141,(anonymous_11)
FN:150,(anonymous_12)
FN:162,(anonymous_13)
FN:168,(anonymous_14)
FN:177,(anonymous_15)
FN:219,(anonymous_16)
FN:238,(anonymous_17)
FN:250,(anonymous_18)
FN:257,(anonymous_19)
FN:264,(anonymous_20)
FN:274,(anonymous_21)
FN:318,(anonymous_22)
FN:335,(anonymous_23)
FN:343,(anonymous_24)
FN:367,(anonymous_25)
FN:378,(anonymous_26)
FN:382,(anonymous_27)
FN:386,(anonymous_28)
FN:391,(anonymous_29)
FN:399,(anonymous_30)
FN:408,(anonymous_31)
FN:417,(anonymous_32)
FN:430,(anonymous_33)
FN:447,(anonymous_34)
FNF:35
FNH:19
FNDA:32,(anonymous_0)
FNDA:16,(anonymous_1)
FNDA:0,(anonymous_2)
FNDA:1,(anonymous_3)
FNDA:4,(anonymous_4)
FNDA:16,(anonymous_5)
FNDA:0,(anonymous_6)
FNDA:4,(anonymous_7)
FNDA:16,(anonymous_8)
FNDA:0,(anonymous_9)
FNDA:4,(anonymous_10)
FNDA:16,(anonymous_11)
FNDA:0,(anonymous_12)
FNDA:4,(anonymous_13)
FNDA:16,(anonymous_14)
FNDA:0,(anonymous_15)
FNDA:16,(anonymous_16)
FNDA:16,(anonymous_17)
FNDA:0,(anonymous_18)
FNDA:16,(anonymous_19)
FNDA:0,(anonymous_20)
FNDA:16,(anonymous_21)
FNDA:256,(anonymous_22)
FNDA:64,(anonymous_23)
FNDA:0,(anonymous_24)
FNDA:4,(anonymous_25)
FNDA:4,(anonymous_26)
FNDA:0,(anonymous_27)
FNDA:0,(anonymous_28)
FNDA:0,(anonymous_29)
FNDA:0,(anonymous_30)
FNDA:0,(anonymous_31)
FNDA:0,(anonymous_32)
FNDA:0,(anonymous_33)
FNDA:0,(anonymous_34)
DA:2,32
DA:9,1
DA:15,1
DA:17,16
DA:19,29
DA:20,81
DA:21,12
DA:25,4
DA:32,1
DA:33,0
DA:36,1
DA:37,1
DA:38,1
DA:39,1
DA:40,1
DA:75,1
DA:82,4
DA:88,16
DA:97,0
DA:109,4
DA:115,16
DA:124,0
DA:136,4
DA:142,16
DA:151,0
DA:163,4
DA:169,16
DA:178,0
DA:197,1
DA:198,16
DA:199,16
DA:202,16
DA:205,16
DA:214,16
DA:221,16
DA:222,16
DA:223,16
DA:224,16
DA:225,16
DA:226,16
DA:227,16
DA:230,16
DA:233,16
DA:235,16
DA:238,16
DA:239,16
DA:240,16
DA:241,16
DA:242,16
DA:243,16
DA:244,16
DA:251,0
DA:258,16
DA:265,0
DA:275,16
DA:276,16
DA:278,4
DA:279,16
DA:280,64
DA:282,16
DA:284,4
DA:286,4
DA:287,16
DA:288,16
DA:289,64
DA:291,16
DA:293,4
DA:295,4
DA:296,16
DA:297,64
DA:299,16
DA:301,4
DA:303,4
DA:304,16
DA:305,16
DA:306,64
DA:308,16
DA:310,4
DA:312,0
DA:314,16
DA:315,16
DA:318,16
DA:319,256
DA:320,16
DA:322,240
DA:323,216
DA:324,216
DA:325,216
DA:326,216
DA:329,24
DA:330,24
DA:331,24
DA:335,16
DA:336,64
DA:337,64
DA:338,64
DA:339,64
DA:340,64
DA:343,16
DA:344,0
DA:345,0
DA:347,0
DA:348,0
DA:349,0
DA:350,0
DA:353,0
DA:359,4
DA:363,4
DA:365,4
DA:368,4
DA:369,4
DA:370,4
DA:379,4
DA:383,0
DA:387,0
DA:392,0
DA:399,4
DA:400,0
DA:401,0
DA:408,4
DA:411,0
DA:412,0
DA:414,0
DA:417,4
DA:418,0
DA:419,0
DA:420,0
DA:422,0
DA:430,4
DA:431,0
DA:432,0
DA:433,0
DA:434,0
DA:435,0
DA:436,0
DA:437,0
DA:440,0
DA:447,4
DA:448,0
DA:452,1
LF:140
LH:104
BRDA:20,0,0,12
BRDA:36,1,0,1
BRDA:36,1,1,1
BRDA:219,2,0,16
BRDA:276,3,0,4
BRDA:276,3,1,4
BRDA:276,3,2,4
BRDA:276,3,3,4
BRDA:276,3,4,0
BRDA:319,4,0,16
BRDA:322,5,0,216
BRDA:322,5,1,24
BRDA:367,6,0,0
BRDA:367,7,0,0
BRDA:432,8,0,0
BRDA:432,8,1,0
BRDA:448,9,0,0
BRDA:448,9,1,0
BRF:18
BRH:11
end_of_record
