TN:
SF:grid.ts
FN:2,(anonymous_0)
FN:15,(anonymous_1)
FN:32,(anonymous_2)
FN:36,(anonymous_3)
FN:81,(anonymous_4)
FN:87,(anonymous_5)
FN:96,(anonymous_6)
FN:108,(anonymous_7)
FN:114,(anonymous_8)
FN:123,(anonymous_9)
FN:135,(anonymous_10)
FN:141,(anonymous_11)
FN:150,(anonymous_12)
FN:162,(anonymous_13)
FN:168,(anonymous_14)
FN:177,(anonymous_15)
FN:219,(anonymous_16)
FN:238,(anonymous_17)
FN:250,(anonymous_18)
FN:257,(anonymous_19)
FN:264,(anonymous_20)
FN:274,(anonymous_21)
FN:318,(anonymous_22)
FN:335,(anonymous_23)
FN:343,(anonymous_24)
FN:366,(anonymous_25)
FN:377,(anonymous_26)
FN:381,(anonymous_27)
FN:386,(anonymous_28)
FN:394,(anonymous_29)
FN:403,(anonymous_30)
FN:416,(anonymous_31)
FN:433,(anonymous_32)
FNF:33
FNH:32
FNDA:1466,(anonymous_0)
FNDA:996,(anonymous_1)
FNDA:100128,(anonymous_2)
FNDA:2,(anonymous_3)
FNDA:99,(anonymous_4)
FNDA:1000,(anonymous_5)
FNDA:57,(anonymous_6)
FNDA:99,(anonymous_7)
FNDA:1000,(anonymous_8)
FNDA:57,(anonymous_9)
FNDA:99,(anonymous_10)
FNDA:992,(anonymous_11)
FNDA:55,(anonymous_12)
FNDA:99,(anonymous_13)
FNDA:992,(anonymous_14)
FNDA:55,(anonymous_15)
FNDA:396,(anonymous_16)
FNDA:996,(anonymous_17)
FNDA:120,(anonymous_18)
FNDA:1252,(anonymous_19)
FNDA:144,(anonymous_20)
FNDA:996,(anonymous_21)
FNDA:15936,(anonymous_22)
FNDA:3984,(anonymous_23)
FNDA:224,(anonymous_24)
FNDA:81,(anonymous_25)
FNDA:64,(anonymous_26)
FNDA:0,(anonymous_27)
FNDA:305,(anonymous_28)
FNDA:112,(anonymous_29)
FNDA:112,(anonymous_30)
FNDA:112,(anonymous_31)
FNDA:16,(anonymous_32)
DA:2,1466
DA:9,2
DA:15,2
DA:17,996
DA:19,1518
DA:20,3910
DA:21,871
DA:25,125
DA:32,2
DA:33,100128
DA:36,2
DA:37,2
DA:38,2
DA:39,2
DA:40,2
DA:75,2
DA:82,99
DA:88,1000
DA:97,57
DA:109,99
DA:115,1000
DA:124,57
DA:136,99
DA:142,992
DA:151,55
DA:163,99
DA:169,992
DA:178,55
DA:197,2
DA:198,396
DA:199,396
DA:202,396
DA:205,396
DA:214,396
DA:221,396
DA:222,396
DA:223,396
DA:224,396
DA:225,396
DA:226,396
DA:227,396
DA:230,396
DA:233,396
DA:235,396
DA:238,396
DA:239,996
DA:240,996
DA:241,996
DA:242,996
DA:243,996
DA:244,996
DA:251,120
DA:258,1252
DA:265,144
DA:275,996
DA:276,996
DA:278,250
DA:279,1000
DA:280,4000
DA:282,1000
DA:284,250
DA:286,250
DA:287,1000
DA:288,1000
DA:289,4000
DA:291,1000
DA:293,250
DA:295,248
DA:296,992
DA:297,3968
DA:299,992
DA:301,248
DA:303,248
DA:304,992
DA:305,992
DA:306,3968
DA:308,992
DA:310,248
DA:312,0
DA:314,996
DA:315,996
DA:318,396
DA:319,15936
DA:320,5538
DA:322,10398
DA:323,8390
DA:324,8390
DA:325,8390
DA:326,8390
DA:329,2008
DA:330,2008
DA:331,2008
DA:335,396
DA:336,3984
DA:337,3984
DA:338,3984
DA:339,3984
DA:340,3984
DA:343,396
DA:344,224
DA:345,224
DA:347,224
DA:348,224
DA:349,327
DA:350,327
DA:353,224
DA:359,81
DA:363,81
DA:367,81
DA:368,81
DA:369,81
DA:378,64
DA:382,0
DA:387,305
DA:394,81
DA:395,112
DA:396,112
DA:403,81
DA:406,112
DA:407,448
DA:416,81
DA:417,112
DA:418,112
DA:419,112
DA:420,112
DA:421,112
DA:422,112
DA:423,112
DA:426,0
DA:433,81
DA:434,16
DA:438,2
LF:132
LH:129
BRDA:20,0,0,871
BRDA:36,1,0,2
BRDA:36,1,1,2
BRDA:219,2,0,380
BRDA:276,3,0,250
BRDA:276,3,1,250
BRDA:276,3,2,248
BRDA:276,3,3,248
BRDA:276,3,4,0
BRDA:319,4,0,5538
BRDA:322,5,0,8390
BRDA:322,5,1,2008
BRDA:366,6,0,1
BRDA:366,7,0,49
BRDA:418,8,0,112
BRDA:418,8,1,0
BRDA:434,9,0,15
BRDA:434,9,1,1
BRF:18
BRH:16
end_of_record
